[0.037s] Invoking command in '/home/jjb/ros2_ws/build/examples_rclcpp_minimal_service': CMAKE_PREFIX_PATH=${CMAKE_PREFIX_PATH}:/opt/ros/jazzy /usr/bin/cmake /home/jjb/ros2_ws/src/examples/rclcpp/services/minimal_service -DAMENT_CMAKE_SYMLINK_INSTALL=1 -DCMAKE_INSTALL_PREFIX=/home/jjb/ros2_ws/install/examples_rclcpp_minimal_service
[0.252s] -- The C compiler identification is GNU 13.3.0
[0.493s] -- The CXX compiler identification is GNU 13.3.0
[0.542s] -- Detecting C compiler ABI info
[1.031s] -- Detecting C compiler ABI info - done
[1.072s] -- Check for working C compiler: /usr/bin/cc - skipped
[1.072s] -- Detecting C compile features
[1.077s] -- Detecting C compile features - done
[1.127s] -- Detecting CXX compiler ABI info
[1.940s] -- Detecting CXX compiler ABI info - done
[1.974s] -- Check for working CXX compiler: /usr/bin/c++ - skipped
[1.976s] -- Detecting CXX compile features
[1.981s] -- Detecting CXX compile features - done
[1.988s] -- Found ament_cmake: 2.5.5 (/opt/ros/jazzy/share/ament_cmake/cmake)
[2.517s] -- Found Python3: /usr/bin/python3 (found version "3.12.3") found components: Interpreter 
[2.817s] -- Override CMake install command with custom implementation using symlinks instead of copying resources
[2.891s] -- Found example_interfaces: 0.12.0 (/opt/ros/jazzy/share/example_interfaces/cmake)
[2.983s] -- Found rosidl_generator_c: 4.6.7 (/opt/ros/jazzy/share/rosidl_generator_c/cmake)
[3.028s] -- Found rosidl_generator_cpp: 4.6.7 (/opt/ros/jazzy/share/rosidl_generator_cpp/cmake)
[3.099s] -- Using all available rosidl_typesupport_c: rosidl_typesupport_fastrtps_c;rosidl_typesupport_introspection_c
[3.182s] -- Using all available rosidl_typesupport_cpp: rosidl_typesupport_fastrtps_cpp;rosidl_typesupport_introspection_cpp
[3.745s] -- Found rclcpp: 28.1.16 (/opt/ros/jazzy/share/rclcpp/cmake)
[3.894s] -- Found rmw_implementation_cmake: 7.3.3 (/opt/ros/jazzy/share/rmw_implementation_cmake/cmake)
[3.903s] -- Found rmw_fastrtps_cpp: 8.4.3 (/opt/ros/jazzy/share/rmw_fastrtps_cpp/cmake)
[4.298s] -- Found OpenSSL: /usr/lib/aarch64-linux-gnu/libcrypto.so (found version "3.0.13")  
[4.370s] -- Found FastRTPS: /opt/ros/jazzy/include (Required is at least version "2.13") 
[4.439s] -- Using RMW implementation 'rmw_fastrtps_cpp' as default
[4.583s] -- Found ament_lint_auto: 0.17.4 (/opt/ros/jazzy/share/ament_lint_auto/cmake)
[4.854s] -- Added test 'copyright' to check source files copyright and LICENSE
[4.855s] -- Added test 'cppcheck' to perform static code analysis on C / C++ code
[4.856s] -- Configured cppcheck include dirs: 
[4.857s] -- Configured cppcheck exclude dirs and/or files: 
[4.859s] -- Added test 'cpplint' to check C / C++ code against the Google style
[4.860s] -- Configured cpplint exclude dirs and/or files: 
[4.864s] -- Added test 'lint_cmake' to check CMake code style
[4.868s] -- Added test 'uncrustify' to check C / C++ code style
[4.869s] -- Configured uncrustify additional arguments: 
[4.869s] -- Added test 'xmllint' to check XML markup files
[4.874s] -- Configuring done (4.8s)
[4.908s] -- Generating done (0.0s)
[4.917s] -- Build files have been written to: /home/jjb/ros2_ws/build/examples_rclcpp_minimal_service
[4.952s] Invoked command in '/home/jjb/ros2_ws/build/examples_rclcpp_minimal_service' returned '0': CMAKE_PREFIX_PATH=${CMAKE_PREFIX_PATH}:/opt/ros/jazzy /usr/bin/cmake /home/jjb/ros2_ws/src/examples/rclcpp/services/minimal_service -DAMENT_CMAKE_SYMLINK_INSTALL=1 -DCMAKE_INSTALL_PREFIX=/home/jjb/ros2_ws/install/examples_rclcpp_minimal_service
[4.952s] Invoking command in '/home/jjb/ros2_ws/build/examples_rclcpp_minimal_service': CMAKE_PREFIX_PATH=${CMAKE_PREFIX_PATH}:/opt/ros/jazzy /usr/bin/cmake --build /home/jjb/ros2_ws/build/examples_rclcpp_minimal_service -- -j4 -l4
[5.074s] [ 50%] [32mBuilding CXX object CMakeFiles/service_main.dir/main.cpp.o[0m
[13.576s] [100%] [32m[1mLinking CXX executable service_main[0m
[14.056s] [100%] Built target service_main
[14.101s] Invoked command in '/home/jjb/ros2_ws/build/examples_rclcpp_minimal_service' returned '0': CMAKE_PREFIX_PATH=${CMAKE_PREFIX_PATH}:/opt/ros/jazzy /usr/bin/cmake --build /home/jjb/ros2_ws/build/examples_rclcpp_minimal_service -- -j4 -l4
[14.104s] Invoking command in '/home/jjb/ros2_ws/build/examples_rclcpp_minimal_service': CMAKE_PREFIX_PATH=${CMAKE_PREFIX_PATH}:/opt/ros/jazzy /usr/bin/cmake --install /home/jjb/ros2_ws/build/examples_rclcpp_minimal_service
[14.129s] -- Install configuration: ""
[14.129s] -- Execute custom install script
[14.129s] -- Symlinking: /home/jjb/ros2_ws/install/examples_rclcpp_minimal_service/lib/examples_rclcpp_minimal_service/service_main
[14.150s] -- Symlinking: /home/jjb/ros2_ws/install/examples_rclcpp_minimal_service/share/ament_index/resource_index/package_run_dependencies/examples_rclcpp_minimal_service
[14.171s] -- Symlinking: /home/jjb/ros2_ws/install/examples_rclcpp_minimal_service/share/ament_index/resource_index/parent_prefix_path/examples_rclcpp_minimal_service
[14.198s] -- Symlinking: /home/jjb/ros2_ws/install/examples_rclcpp_minimal_service/share/examples_rclcpp_minimal_service/environment/ament_prefix_path.sh
[14.221s] -- Symlinking: /home/jjb/ros2_ws/install/examples_rclcpp_minimal_service/share/examples_rclcpp_minimal_service/environment/ament_prefix_path.dsv
[14.247s] -- Symlinking: /home/jjb/ros2_ws/install/examples_rclcpp_minimal_service/share/examples_rclcpp_minimal_service/environment/path.sh
[14.270s] -- Symlinking: /home/jjb/ros2_ws/install/examples_rclcpp_minimal_service/share/examples_rclcpp_minimal_service/environment/path.dsv
[14.295s] -- Symlinking: /home/jjb/ros2_ws/install/examples_rclcpp_minimal_service/share/examples_rclcpp_minimal_service/local_setup.bash
[14.320s] -- Symlinking: /home/jjb/ros2_ws/install/examples_rclcpp_minimal_service/share/examples_rclcpp_minimal_service/local_setup.sh
[14.341s] -- Symlinking: /home/jjb/ros2_ws/install/examples_rclcpp_minimal_service/share/examples_rclcpp_minimal_service/local_setup.zsh
[14.364s] -- Symlinking: /home/jjb/ros2_ws/install/examples_rclcpp_minimal_service/share/examples_rclcpp_minimal_service/local_setup.dsv
[14.386s] -- Symlinking: /home/jjb/ros2_ws/install/examples_rclcpp_minimal_service/share/examples_rclcpp_minimal_service/package.dsv
[14.409s] -- Symlinking: /home/jjb/ros2_ws/install/examples_rclcpp_minimal_service/share/ament_index/resource_index/packages/examples_rclcpp_minimal_service
[14.436s] -- Symlinking: /home/jjb/ros2_ws/install/examples_rclcpp_minimal_service/share/examples_rclcpp_minimal_service/cmake/examples_rclcpp_minimal_serviceConfig.cmake
[14.457s] -- Symlinking: /home/jjb/ros2_ws/install/examples_rclcpp_minimal_service/share/examples_rclcpp_minimal_service/cmake/examples_rclcpp_minimal_serviceConfig-version.cmake
[14.479s] -- Symlinking: /home/jjb/ros2_ws/install/examples_rclcpp_minimal_service/share/examples_rclcpp_minimal_service/package.xml
[14.506s] Invoked command in '/home/jjb/ros2_ws/build/examples_rclcpp_minimal_service' returned '0': CMAKE_PREFIX_PATH=${CMAKE_PREFIX_PATH}:/opt/ros/jazzy /usr/bin/cmake --install /home/jjb/ros2_ws/build/examples_rclcpp_minimal_service
