In file included from [01m[K/home/jjb/ros2_ws/src/point_lio_ros2/include/../include/IKFoM/IKFoM_toolkit/esekfom/../mtk/types/SOn.hpp:83[m[K,
                 from [01m[K/home/jjb/ros2_ws/src/point_lio_ros2/include/../include/IKFoM/IKFoM_toolkit/esekfom/esekfom.hpp:50[m[K,
                 from [01m[K/home/jjb/ros2_ws/src/point_lio_ros2/src/Estimator.h:4[m[K,
                 from [01m[K/home/jjb/ros2_ws/src/point_lio_ros2/src/laserMapping.cpp:27[m[K:
/home/jjb/ros2_ws/src/point_lio_ros2/include/../include/IKFoM/IKFoM_toolkit/esekfom/../mtk/types/../src/mtkmath.hpp: In instantiation of ‘[01m[Kstd::pair<_FIter, _FIter> MTK::[01;32m[Kcos_sinc_sqrt[m[K(const scalar&) [35m[K[with scalar = double][m[K[m[K’:
[01m[K/home/jjb/ros2_ws/src/point_lio_ros2/include/../include/IKFoM/IKFoM_toolkit/esekfom/../mtk/types/../src/mtkmath.hpp:252:52:[m[K   required from ‘[01m[Kscalar MTK::[01;32m[Kexp[m[K(vectview<scalar, dim>, vectview<const scalar, dim>, const scalar&) [35m[K[with scalar = double; int n = 3][m[K[m[K’
[01m[K/home/jjb/ros2_ws/src/point_lio_ros2/include/../include/IKFoM/IKFoM_toolkit/esekfom/esekfom.hpp:168:39:[m[K   required from ‘[01m[Kvoid esekfom::esekf<state, process_noise_dof, input, measurement, measurement_noise_dof>::[01;32m[Kpredict[m[K(double&, processnoisecovariance&, const input&, bool, bool) [35m[K[with state = state_output; int process_noise_dof = 30; input = input_ikfom; measurement = state_output; int measurement_noise_dof = 0; processnoisecovariance = Eigen::Matrix<double, 30, 30, 0, 30, 30>][m[K[m[K’
[01m[K/home/jjb/ros2_ws/src/point_lio_ros2/src/laserMapping.cpp:1004:46:[m[K   required from here
[01m[K/home/jjb/ros2_ws/src/point_lio_ros2/include/../include/IKFoM/IKFoM_toolkit/esekfom/../mtk/types/../src/mtkmath.hpp:143:27:[m[K [01;36m[Knote: [m[Kparameter passing for argument of type ‘[01m[Kstd::pair<double, double>[m[K’ when C++17 is enabled changed to match C++14 ]8;;https://gcc.gnu.org/gcc-10/changes.html#empty_basein GCC 10.1]8;;
  143 | std::pair<scalar, scalar> [01;36m[Kcos_sinc_sqrt[m[K(const scalar &x2){
      |                           [01;36m[K^~~~~~~~~~~~~[m[K
In file included from [01m[K/home/jjb/ros2_ws/src/point_lio_ros2/include/../include/IKFoM/IKFoM_toolkit/esekfom/../mtk/types/SOn.hpp:83[m[K,
                 from [01m[K/home/jjb/ros2_ws/src/point_lio_ros2/include/../include/IKFoM/IKFoM_toolkit/esekfom/esekfom.hpp:50[m[K,
                 from [01m[K/home/jjb/ros2_ws/src/point_lio_ros2/src/Estimator.h:4[m[K,
                 from [01m[K/home/jjb/ros2_ws/src/point_lio_ros2/src/Estimator.cpp:2[m[K:
/home/jjb/ros2_ws/src/point_lio_ros2/include/../include/IKFoM/IKFoM_toolkit/esekfom/../mtk/types/../src/mtkmath.hpp: In instantiation of ‘[01m[Kstd::pair<_FIter, _FIter> MTK::[01;32m[Kcos_sinc_sqrt[m[K(const scalar&) [35m[K[with scalar = double][m[K[m[K’:
[01m[K/home/jjb/ros2_ws/src/point_lio_ros2/include/../include/IKFoM/IKFoM_toolkit/esekfom/../mtk/types/../src/mtkmath.hpp:252:52:[m[K   required from ‘[01m[Kscalar MTK::[01;32m[Kexp[m[K(vectview<scalar, dim>, vectview<const scalar, dim>, const scalar&) [35m[K[with scalar = double; int n = 3][m[K[m[K’
[01m[K/home/jjb/ros2_ws/src/point_lio_ros2/include/../include/IKFoM/IKFoM_toolkit/esekfom/../mtk/types/SOn.hpp:334:32:[m[K   required from ‘[01m[Kstatic MTK::SO3<_scalar, Options> MTK::SO3<_scalar, Options>::[01;32m[Kexp[m[K(const Eigen::Matrix<Type, 3, 1>&, scalar) [35m[K[with _scalar = double; int Options = 0; scalar = double][m[K[m[K’
[01m[K/home/jjb/ros2_ws/src/point_lio_ros2/include/../include/IKFoM/IKFoM_toolkit/esekfom/../mtk/types/SOn.hpp:242:18:[m[K   required from ‘[01m[Kvoid MTK::SO3<_scalar, Options>::[01;32m[Kboxplus[m[K(MTK::vectview<const _scalar, MTK::SO3<_scalar, Options>::DOF>, scalar) [35m[K[with _scalar = double; int Options = 0; scalar = double][m[K[m[K’
[01m[K/home/jjb/ros2_ws/src/point_lio_ros2/src/Estimator.h:38:1:[m[K   required from here
[01m[K/home/jjb/ros2_ws/src/point_lio_ros2/include/../include/IKFoM/IKFoM_toolkit/esekfom/../mtk/types/../src/mtkmath.hpp:143:27:[m[K [01;36m[Knote: [m[Kparameter passing for argument of type ‘[01m[Kstd::pair<double, double>[m[K’ when C++17 is enabled changed to match C++14 ]8;;https://gcc.gnu.org/gcc-10/changes.html#empty_basein GCC 10.1]8;;
  143 | std::pair<scalar, scalar> [01;36m[Kcos_sinc_sqrt[m[K(const scalar &x2){
      |                           [01;36m[K^~~~~~~~~~~~~[m[K
