-- Current CPU architecture: aarch64
-- Found ament_cmake: 2.5.5 (/opt/ros/jazzy/share/ament_cmake/cmake)
-- Override CMake install command with custom implementation using symlinks instead of copying resources
-- Found rclcpp: 28.1.16 (/opt/ros/jazzy/share/rclcpp/cmake)
-- Found rosidl_generator_c: 4.6.7 (/opt/ros/jazzy/share/rosidl_generator_c/cmake)
-- Found rosidl_generator_cpp: 4.6.7 (/opt/ros/jazzy/share/rosidl_generator_cpp/cmake)
-- Using all available rosidl_typesupport_c: rosidl_typesupport_fastrtps_c;rosidl_typesupport_introspection_c
-- Using all available rosidl_typesupport_cpp: rosidl_typesupport_fastrtps_cpp;rosidl_typesupport_introspection_cpp
-- Found rmw_implementation_cmake: 7.3.3 (/opt/ros/jazzy/share/rmw_implementation_cmake/cmake)
-- Found rmw_fastrtps_cpp: 8.4.3 (/opt/ros/jazzy/share/rmw_fastrtps_cpp/cmake)
-- Using RMW implementation 'rmw_fastrtps_cpp' as default
-- Found rclpy: 7.1.9 (/opt/ros/jazzy/share/rclpy/cmake)
-- Found geometry_msgs: 5.3.6 (/opt/ros/jazzy/share/geometry_msgs/cmake)
-- Found nav_msgs: 5.3.6 (/opt/ros/jazzy/share/nav_msgs/cmake)
-- Found sensor_msgs: 5.3.6 (/opt/ros/jazzy/share/sensor_msgs/cmake)
-- Found pcl_ros: 2.6.2 (/opt/ros/jazzy/share/pcl_ros/cmake)
[33mCMake Warning (dev) at /usr/lib/aarch64-linux-gnu/cmake/pcl/Modules/FindFLANN.cmake:45 (find_package):
  Policy CMP0144 is not set: find_package uses upper-case <PACKAGENAME>_ROOT
  variables.  Run "cmake --help-policy CMP0144" for policy details.  Use the
  cmake_policy command to set the policy and suppress this warning.

  CMake variable FLANN_ROOT is set to:

    /usr

  For compatibility, find_package is ignoring the variable, but code in a
  .cmake module might still use it.
Call Stack (most recent call first):
  /usr/lib/aarch64-linux-gnu/cmake/pcl/PCLConfig.cmake:261 (find_package)
  /usr/lib/aarch64-linux-gnu/cmake/pcl/PCLConfig.cmake:306 (find_flann)
  /usr/lib/aarch64-linux-gnu/cmake/pcl/PCLConfig.cmake:570 (find_external_library)
  /opt/ros/jazzy/share/pcl_conversions/cmake/ament_cmake_export_dependencies-extras.cmake:21 (find_package)
  /opt/ros/jazzy/share/pcl_conversions/cmake/pcl_conversionsConfig.cmake:41 (include)
  /opt/ros/jazzy/share/pcl_ros/cmake/ament_cmake_export_dependencies-extras.cmake:21 (find_package)
  /opt/ros/jazzy/share/pcl_ros/cmake/pcl_rosConfig.cmake:41 (include)
  CMakeLists.txt:45 (find_package)
This warning is for project developers.  Use -Wno-dev to suppress it.
[0m
-- Found flann version 1.9.2
-- OpenNI found (version: 1.5.4.0, include: /usr/include/ni, lib: /usr/lib/libOpenNI.so;libusb::libusb)
-- OpenNI2 found (version: 2.2.0.33, include: /usr/include/openni2, lib: /usr/lib/aarch64-linux-gnu/libOpenNI2.so;libusb::libusb)
-- Could NOT find Pcap (missing: PCAP_LIBRARIES PCAP_INCLUDE_DIRS) 
-- OpenNI found (version: 1.5.4.0, include: /usr/include/ni, lib: /usr/lib/libOpenNI.so;libusb::libusb)
-- OpenNI2 found (version: 2.2.0.33, include: /usr/include/openni2, lib: /usr/lib/aarch64-linux-gnu/libOpenNI2.so;libusb::libusb)
-- Found Qhull version 8.0.2
-- OpenNI found (version: 1.5.4.0, include: /usr/include/ni, lib: /usr/lib/libOpenNI.so;libusb::libusb)
-- Found eigen3_cmake_module: 0.3.0 (/opt/ros/jazzy/share/eigen3_cmake_module/cmake)
-- Ensuring Eigen3 include directory is part of orocos-kdl CMake target
-- Found visualization_msgs: 5.3.6 (/opt/ros/jazzy/share/visualization_msgs/cmake)
[33mCMake Warning (dev) at CMakeLists.txt:61 (find_package):
  Policy CMP0148 is not set: The FindPythonInterp and FindPythonLibs modules
  are removed.  Run "cmake --help-policy CMP0148" for policy details.  Use
  the cmake_policy command to set the policy and suppress this warning.

This warning is for project developers.  Use -Wno-dev to suppress it.
[0m
-- Configuring done (6.6s)
-- Generating done (0.3s)
-- Build files have been written to: /home/jjb/ros2_ws/build/point_lio
[ 16%] [32m[1mLinking CXX executable pointlio_mapping[0m
[100%] Built target pointlio_mapping
-- Install configuration: ""
-- Execute custom install script
-- Symlinking: /home/jjb/ros2_ws/install/point_lio/lib/point_lio/pointlio_mapping
-- Symlinking: /home/jjb/ros2_ws/install/point_lio/share/point_lio/config/avia.yaml
-- Symlinking: /home/jjb/ros2_ws/install/point_lio/share/point_lio/config/horizon.yaml
-- Symlinking: /home/jjb/ros2_ws/install/point_lio/share/point_lio/config/mid360.yaml
-- Symlinking: /home/jjb/ros2_ws/install/point_lio/share/point_lio/config/ouster64.yaml
-- Symlinking: /home/jjb/ros2_ws/install/point_lio/share/point_lio/config/unilidar_l1.yaml
-- Symlinking: /home/jjb/ros2_ws/install/point_lio/share/point_lio/config/unilidar_l2.yaml
-- Symlinking: /home/jjb/ros2_ws/install/point_lio/share/point_lio/config/velody16.yaml
-- Symlinking: /home/jjb/ros2_ws/install/point_lio/share/point_lio/launch/correct_odom_unilidar_l1.launch.py
-- Symlinking: /home/jjb/ros2_ws/install/point_lio/share/point_lio/launch/correct_odom_unilidar_l2.launch.py
-- Symlinking: /home/jjb/ros2_ws/install/point_lio/share/point_lio/launch/gdb_debug_example.launch.py
-- Symlinking: /home/jjb/ros2_ws/install/point_lio/share/point_lio/launch/mapping_avia.launch.py
-- Symlinking: /home/jjb/ros2_ws/install/point_lio/share/point_lio/launch/mapping_horizon.launch.py
-- Symlinking: /home/jjb/ros2_ws/install/point_lio/share/point_lio/launch/mapping_mid360.launch.py
-- Symlinking: /home/jjb/ros2_ws/install/point_lio/share/point_lio/launch/mapping_ouster64.launch.py
-- Symlinking: /home/jjb/ros2_ws/install/point_lio/share/point_lio/launch/mapping_unilidar_l1.launch.py
-- Symlinking: /home/jjb/ros2_ws/install/point_lio/share/point_lio/launch/mapping_unilidar_l2.launch.py
-- Symlinking: /home/jjb/ros2_ws/install/point_lio/share/point_lio/launch/mapping_velody16.launch.py
-- Symlinking: /home/jjb/ros2_ws/install/point_lio/share/point_lio/rviz_cfg/loam_livox.rviz
-- Symlinking: /home/jjb/ros2_ws/install/point_lio/share/ament_index/resource_index/package_run_dependencies/point_lio
-- Symlinking: /home/jjb/ros2_ws/install/point_lio/share/ament_index/resource_index/parent_prefix_path/point_lio
-- Symlinking: /home/jjb/ros2_ws/install/point_lio/share/point_lio/environment/ament_prefix_path.sh
-- Symlinking: /home/jjb/ros2_ws/install/point_lio/share/point_lio/environment/ament_prefix_path.dsv
-- Symlinking: /home/jjb/ros2_ws/install/point_lio/share/point_lio/environment/path.sh
-- Symlinking: /home/jjb/ros2_ws/install/point_lio/share/point_lio/environment/path.dsv
-- Symlinking: /home/jjb/ros2_ws/install/point_lio/share/point_lio/local_setup.bash
-- Symlinking: /home/jjb/ros2_ws/install/point_lio/share/point_lio/local_setup.sh
-- Symlinking: /home/jjb/ros2_ws/install/point_lio/share/point_lio/local_setup.zsh
-- Symlinking: /home/jjb/ros2_ws/install/point_lio/share/point_lio/local_setup.dsv
-- Symlinking: /home/jjb/ros2_ws/install/point_lio/share/point_lio/package.dsv
-- Symlinking: /home/jjb/ros2_ws/install/point_lio/share/ament_index/resource_index/packages/point_lio
-- Symlinking: /home/jjb/ros2_ws/install/point_lio/share/point_lio/cmake/ament_cmake_export_dependencies-extras.cmake
-- Symlinking: /home/jjb/ros2_ws/install/point_lio/share/point_lio/cmake/point_lioConfig.cmake
-- Symlinking: /home/jjb/ros2_ws/install/point_lio/share/point_lio/cmake/point_lioConfig-version.cmake
-- Symlinking: /home/jjb/ros2_ws/install/point_lio/share/point_lio/package.xml
