[0.130s] DEBUG:colcon:Command line arguments: ['/usr/bin/colcon', 'build']
[0.130s] DEBUG:colcon:Parsed command line arguments: Namespace(log_base=None, log_level=None, verb_name='build', build_base='build', install_base='install', merge_install=False, symlink_install=False, test_result_base=None, continue_on_error=False, executor='parallel', parallel_workers=4, event_handlers=None, ignore_user_meta=False, metas=['./colcon.meta'], base_paths=['.'], packages_ignore=None, packages_ignore_regex=None, paths=None, packages_up_to=None, packages_up_to_regex=None, packages_above=None, packages_above_and_dependencies=None, packages_above_depth=None, packages_select_by_dep=None, packages_skip_by_dep=None, packages_skip_up_to=None, packages_select_build_failed=False, packages_skip_build_finished=False, packages_select_test_failures=False, packages_skip_test_passed=False, packages_select=None, packages_skip=None, packages_select_regex=None, packages_skip_regex=None, packages_start=None, packages_end=None, cmake_args=None, cmake_target=None, cmake_target_skip_unavailable=False, cmake_clean_cache=False, cmake_clean_first=False, cmake_force_configure=False, ament_cmake_args=None, catkin_cmake_args=None, catkin_skip_building_tests=False, verb_parser=<colcon_defaults.argument_parser.defaults.DefaultArgumentsDecorator object at 0xffffb9e7c6b0>, verb_extension=<colcon_core.verb.build.BuildVerb object at 0xffffb9da09e0>, main=<bound method BuildVerb.main of <colcon_core.verb.build.BuildVerb object at 0xffffb9da09e0>>)
[0.186s] Level 1:colcon.colcon_core.package_discovery:discover_packages(colcon_meta) check parameters
[0.186s] Level 1:colcon.colcon_core.package_discovery:discover_packages(recursive) check parameters
[0.186s] Level 1:colcon.colcon_core.package_discovery:discover_packages(ignore) check parameters
[0.186s] Level 1:colcon.colcon_core.package_discovery:discover_packages(path) check parameters
[0.186s] Level 1:colcon.colcon_core.package_discovery:discover_packages(colcon_meta) discover
[0.186s] Level 1:colcon.colcon_core.package_discovery:discover_packages(recursive) discover
[0.186s] INFO:colcon.colcon_core.package_discovery:Crawling recursively for packages in '/home/jjb/ros2_ws/src/point_lio_ros2'
[0.187s] Level 1:colcon.colcon_core.package_identification:_identify(.) by extensions ['ignore', 'ignore_ament_install']
[0.187s] Level 1:colcon.colcon_core.package_identification:_identify(.) by extension 'ignore'
[0.187s] Level 1:colcon.colcon_core.package_identification:_identify(.) by extension 'ignore_ament_install'
[0.187s] Level 1:colcon.colcon_core.package_identification:_identify(.) by extensions ['colcon_pkg']
[0.187s] Level 1:colcon.colcon_core.package_identification:_identify(.) by extension 'colcon_pkg'
[0.187s] Level 1:colcon.colcon_core.package_identification:_identify(.) by extensions ['colcon_meta']
[0.187s] Level 1:colcon.colcon_core.package_identification:_identify(.) by extension 'colcon_meta'
[0.187s] Level 1:colcon.colcon_core.package_identification:_identify(.) by extensions ['ros']
[0.187s] Level 1:colcon.colcon_core.package_identification:_identify(.) by extension 'ros'
[0.227s] DEBUG:colcon.colcon_core.package_identification:Package '.' with type 'ros.ament_cmake' and name 'point_lio'
[0.227s] Level 1:colcon.colcon_core.package_discovery:discover_packages(recursive) using defaults
[0.227s] Level 1:colcon.colcon_core.package_discovery:discover_packages(ignore) discover
[0.227s] Level 1:colcon.colcon_core.package_discovery:discover_packages(ignore) using defaults
[0.227s] Level 1:colcon.colcon_core.package_discovery:discover_packages(path) discover
[0.227s] Level 1:colcon.colcon_core.package_discovery:discover_packages(path) using defaults
[0.252s] Level 5:colcon.colcon_core.verb:set package 'point_lio' build argument 'cmake_args' from command line to 'None'
[0.252s] Level 5:colcon.colcon_core.verb:set package 'point_lio' build argument 'cmake_target' from command line to 'None'
[0.252s] Level 5:colcon.colcon_core.verb:set package 'point_lio' build argument 'cmake_target_skip_unavailable' from command line to 'False'
[0.252s] Level 5:colcon.colcon_core.verb:set package 'point_lio' build argument 'cmake_clean_cache' from command line to 'False'
[0.252s] Level 5:colcon.colcon_core.verb:set package 'point_lio' build argument 'cmake_clean_first' from command line to 'False'
[0.252s] Level 5:colcon.colcon_core.verb:set package 'point_lio' build argument 'cmake_force_configure' from command line to 'False'
[0.252s] Level 5:colcon.colcon_core.verb:set package 'point_lio' build argument 'ament_cmake_args' from command line to 'None'
[0.252s] Level 5:colcon.colcon_core.verb:set package 'point_lio' build argument 'catkin_cmake_args' from command line to 'None'
[0.252s] Level 5:colcon.colcon_core.verb:set package 'point_lio' build argument 'catkin_skip_building_tests' from command line to 'False'
[0.252s] DEBUG:colcon.colcon_core.verb:Building package 'point_lio' with the following arguments: {'ament_cmake_args': None, 'build_base': '/home/jjb/ros2_ws/src/point_lio_ros2/build/point_lio', 'catkin_cmake_args': None, 'catkin_skip_building_tests': False, 'cmake_args': None, 'cmake_clean_cache': False, 'cmake_clean_first': False, 'cmake_force_configure': False, 'cmake_target': None, 'cmake_target_skip_unavailable': False, 'install_base': '/home/jjb/ros2_ws/src/point_lio_ros2/install/point_lio', 'merge_install': False, 'path': '/home/jjb/ros2_ws/src/point_lio_ros2', 'symlink_install': False, 'test_result_base': None}
[0.252s] INFO:colcon.colcon_core.executor:Executing jobs using 'parallel' executor
[0.254s] DEBUG:colcon.colcon_parallel_executor.executor.parallel:run_until_complete
[0.254s] INFO:colcon.colcon_ros.task.ament_cmake.build:Building ROS package in '/home/jjb/ros2_ws/src/point_lio_ros2' with build type 'ament_cmake'
[0.254s] INFO:colcon.colcon_cmake.task.cmake.build:Building CMake package in '/home/jjb/ros2_ws/src/point_lio_ros2'
[0.257s] INFO:colcon.colcon_core.plugin_system:Skipping extension 'colcon_core.shell.bat': Not used on non-Windows systems
[0.257s] DEBUG:colcon.colcon_core.shell:Skip shell extension 'dsv' for command environment
[0.267s] DEBUG:colcon.colcon_core.event_handler.log_command:Invoking command in '/home/jjb/ros2_ws/src/point_lio_ros2/build/point_lio': CMAKE_PREFIX_PATH=/opt/ros/jazzy /usr/bin/cmake /home/jjb/ros2_ws/src/point_lio_ros2 -DCMAKE_INSTALL_PREFIX=/home/jjb/ros2_ws/src/point_lio_ros2/install/point_lio
[7.591s] DEBUG:colcon.colcon_core.event_handler.log_command:Invoked command in '/home/jjb/ros2_ws/src/point_lio_ros2/build/point_lio' returned '0': CMAKE_PREFIX_PATH=/opt/ros/jazzy /usr/bin/cmake /home/jjb/ros2_ws/src/point_lio_ros2 -DCMAKE_INSTALL_PREFIX=/home/jjb/ros2_ws/src/point_lio_ros2/install/point_lio
[7.594s] DEBUG:colcon.colcon_core.event_handler.log_command:Invoking command in '/home/jjb/ros2_ws/src/point_lio_ros2/build/point_lio': CMAKE_PREFIX_PATH=/opt/ros/jazzy /usr/bin/cmake --build /home/jjb/ros2_ws/src/point_lio_ros2/build/point_lio -- -j4 -l4
[87.362s] DEBUG:colcon.colcon_core.event_handler.log_command:Invoked command in '/home/jjb/ros2_ws/src/point_lio_ros2/build/point_lio' returned '0': CMAKE_PREFIX_PATH=/opt/ros/jazzy /usr/bin/cmake --build /home/jjb/ros2_ws/src/point_lio_ros2/build/point_lio -- -j4 -l4
[87.374s] DEBUG:colcon.colcon_core.event_handler.log_command:Invoking command in '/home/jjb/ros2_ws/src/point_lio_ros2/build/point_lio': CMAKE_PREFIX_PATH=/opt/ros/jazzy /usr/bin/cmake --install /home/jjb/ros2_ws/src/point_lio_ros2/build/point_lio
[87.410s] Level 1:colcon.colcon_core.environment:create_environment_scripts_only(point_lio)
[87.411s] DEBUG:colcon.colcon_core.event_handler.log_command:Invoked command in '/home/jjb/ros2_ws/src/point_lio_ros2/build/point_lio' returned '0': CMAKE_PREFIX_PATH=/opt/ros/jazzy /usr/bin/cmake --install /home/jjb/ros2_ws/src/point_lio_ros2/build/point_lio
[87.413s] Level 1:colcon.colcon_core.environment:checking '/home/jjb/ros2_ws/src/point_lio_ros2/install/point_lio' for CMake module files
[87.414s] Level 1:colcon.colcon_core.environment:checking '/home/jjb/ros2_ws/src/point_lio_ros2/install/point_lio' for CMake config files
[87.414s] Level 1:colcon.colcon_core.shell:create_environment_hook('point_lio', 'cmake_prefix_path')
[87.415s] INFO:colcon.colcon_core.shell:Creating environment descriptor '/home/jjb/ros2_ws/src/point_lio_ros2/install/point_lio/share/point_lio/hook/cmake_prefix_path.dsv'
[87.415s] INFO:colcon.colcon_core.shell:Creating environment hook '/home/jjb/ros2_ws/src/point_lio_ros2/install/point_lio/share/point_lio/hook/cmake_prefix_path.sh'
[87.417s] Level 1:colcon.colcon_core.environment:checking '/home/jjb/ros2_ws/src/point_lio_ros2/install/point_lio/lib'
[87.417s] Level 1:colcon.colcon_core.environment:checking '/home/jjb/ros2_ws/src/point_lio_ros2/install/point_lio/bin'
[87.417s] Level 1:colcon.colcon_core.environment:checking '/home/jjb/ros2_ws/src/point_lio_ros2/install/point_lio/lib/pkgconfig/point_lio.pc'
[87.421s] Level 1:colcon.colcon_core.environment:checking '/home/jjb/ros2_ws/src/point_lio_ros2/install/point_lio/lib/python3.12/site-packages'
[87.421s] Level 1:colcon.colcon_core.environment:checking '/home/jjb/ros2_ws/src/point_lio_ros2/install/point_lio/bin'
[87.422s] INFO:colcon.colcon_core.shell:Creating package descriptor '/home/jjb/ros2_ws/src/point_lio_ros2/install/point_lio/share/point_lio/package.dsv'
[87.423s] INFO:colcon.colcon_core.shell:Creating package script '/home/jjb/ros2_ws/src/point_lio_ros2/install/point_lio/share/point_lio/package.sh'
[87.424s] INFO:colcon.colcon_core.shell:Creating package script '/home/jjb/ros2_ws/src/point_lio_ros2/install/point_lio/share/point_lio/package.bash'
[87.425s] INFO:colcon.colcon_core.shell:Creating package script '/home/jjb/ros2_ws/src/point_lio_ros2/install/point_lio/share/point_lio/package.zsh'
[87.425s] Level 1:colcon.colcon_core.environment:create_file_with_runtime_dependencies(/home/jjb/ros2_ws/src/point_lio_ros2/install/point_lio/share/colcon-core/packages/point_lio)
[87.426s] Level 1:colcon.colcon_core.environment:create_environment_scripts_only(point_lio)
[87.426s] Level 1:colcon.colcon_core.environment:checking '/home/jjb/ros2_ws/src/point_lio_ros2/install/point_lio' for CMake module files
[87.427s] Level 1:colcon.colcon_core.environment:checking '/home/jjb/ros2_ws/src/point_lio_ros2/install/point_lio' for CMake config files
[87.427s] Level 1:colcon.colcon_core.shell:create_environment_hook('point_lio', 'cmake_prefix_path')
[87.427s] INFO:colcon.colcon_core.shell:Creating environment descriptor '/home/jjb/ros2_ws/src/point_lio_ros2/install/point_lio/share/point_lio/hook/cmake_prefix_path.dsv'
[87.429s] INFO:colcon.colcon_core.shell:Creating environment hook '/home/jjb/ros2_ws/src/point_lio_ros2/install/point_lio/share/point_lio/hook/cmake_prefix_path.sh'
[87.430s] Level 1:colcon.colcon_core.environment:checking '/home/jjb/ros2_ws/src/point_lio_ros2/install/point_lio/lib'
[87.430s] Level 1:colcon.colcon_core.environment:checking '/home/jjb/ros2_ws/src/point_lio_ros2/install/point_lio/bin'
[87.430s] Level 1:colcon.colcon_core.environment:checking '/home/jjb/ros2_ws/src/point_lio_ros2/install/point_lio/lib/pkgconfig/point_lio.pc'
[87.430s] Level 1:colcon.colcon_core.environment:checking '/home/jjb/ros2_ws/src/point_lio_ros2/install/point_lio/lib/python3.12/site-packages'
[87.431s] Level 1:colcon.colcon_core.environment:checking '/home/jjb/ros2_ws/src/point_lio_ros2/install/point_lio/bin'
[87.431s] INFO:colcon.colcon_core.shell:Creating package descriptor '/home/jjb/ros2_ws/src/point_lio_ros2/install/point_lio/share/point_lio/package.dsv'
[87.432s] INFO:colcon.colcon_core.shell:Creating package script '/home/jjb/ros2_ws/src/point_lio_ros2/install/point_lio/share/point_lio/package.sh'
[87.433s] INFO:colcon.colcon_core.shell:Creating package script '/home/jjb/ros2_ws/src/point_lio_ros2/install/point_lio/share/point_lio/package.bash'
[87.434s] INFO:colcon.colcon_core.shell:Creating package script '/home/jjb/ros2_ws/src/point_lio_ros2/install/point_lio/share/point_lio/package.zsh'
[87.434s] Level 1:colcon.colcon_core.environment:create_file_with_runtime_dependencies(/home/jjb/ros2_ws/src/point_lio_ros2/install/point_lio/share/colcon-core/packages/point_lio)
[87.436s] DEBUG:colcon.colcon_parallel_executor.executor.parallel:closing loop
[87.436s] DEBUG:colcon.colcon_parallel_executor.executor.parallel:loop closed
[87.436s] DEBUG:colcon.colcon_parallel_executor.executor.parallel:run_until_complete finished with '0'
[87.436s] DEBUG:colcon.colcon_core.event_reactor:joining thread
[87.444s] INFO:colcon.colcon_core.plugin_system:Skipping extension 'colcon_notification.desktop_notification.notify_send': Could not find 'notify-send'
[87.444s] INFO:colcon.colcon_core.plugin_system:Skipping extension 'colcon_notification.desktop_notification.terminal_notifier': Not used on non-Darwin systems
[87.444s] INFO:colcon.colcon_core.plugin_system:Skipping extension 'colcon_notification.desktop_notification.win32': Not used on non-Windows systems
[87.445s] INFO:colcon.colcon_notification.desktop_notification:Sending desktop notification using 'notify2'
[87.446s] DEBUG:colcon.colcon_notification.desktop_notification.notify2:Failed to initialize notify2: org.freedesktop.DBus.Error.ServiceUnknown: The name org.freedesktop.Notifications was not provided by any .service files
[87.446s] DEBUG:colcon.colcon_core.event_reactor:joined thread
[87.446s] INFO:colcon.colcon_core.shell:Creating prefix script '/home/jjb/ros2_ws/src/point_lio_ros2/install/local_setup.sh'
[87.447s] INFO:colcon.colcon_core.shell:Creating prefix util module '/home/jjb/ros2_ws/src/point_lio_ros2/install/_local_setup_util_sh.py'
[87.448s] INFO:colcon.colcon_core.shell:Creating prefix chain script '/home/jjb/ros2_ws/src/point_lio_ros2/install/setup.sh'
[87.449s] INFO:colcon.colcon_core.shell:Creating prefix script '/home/jjb/ros2_ws/src/point_lio_ros2/install/local_setup.bash'
[87.450s] INFO:colcon.colcon_core.shell:Creating prefix chain script '/home/jjb/ros2_ws/src/point_lio_ros2/install/setup.bash'
[87.451s] INFO:colcon.colcon_core.shell:Creating prefix script '/home/jjb/ros2_ws/src/point_lio_ros2/install/local_setup.zsh'
[87.451s] INFO:colcon.colcon_core.shell:Creating prefix chain script '/home/jjb/ros2_ws/src/point_lio_ros2/install/setup.zsh'
