[0.019s] Invoking command in '/home/jjb/ros2_ws/build/examples_rclcpp_minimal_timer': CMAKE_PREFIX_PATH=${CMAKE_PREFIX_PATH}:/opt/ros/jazzy /usr/bin/cmake /home/jjb/ros2_ws/src/examples/rclcpp/timers/minimal_timer -DAMENT_CMAKE_SYMLINK_INSTALL=1 -DCMAKE_INSTALL_PREFIX=/home/jjb/ros2_ws/install/examples_rclcpp_minimal_timer
[0.168s] -- The C compiler identification is GNU 13.3.0
[0.312s] -- The CXX compiler identification is GNU 13.3.0
[0.354s] -- Detecting C compiler ABI info
[0.578s] -- Detecting C compiler ABI info - done
[0.598s] -- Check for working C compiler: /usr/bin/cc - skipped
[0.599s] -- Detecting C compile features
[0.601s] -- Detecting C compile features - done
[0.622s] -- Detecting CXX compiler ABI info
[0.882s] -- Detecting CXX compiler ABI info - done
[0.901s] -- Check for working CXX compiler: /usr/bin/c++ - skipped
[0.901s] -- Detecting CXX compile features
[0.902s] -- Detecting CXX compile features - done
[0.907s] -- Found ament_cmake: 2.5.5 (/opt/ros/jazzy/share/ament_cmake/cmake)
[1.256s] -- Found Python3: /usr/bin/python3 (found version "3.12.3") found components: Interpreter 
[1.455s] -- Override CMake install command with custom implementation using symlinks instead of copying resources
[1.501s] -- Found rclcpp: 28.1.16 (/opt/ros/jazzy/share/rclcpp/cmake)
[1.568s] -- Found rosidl_generator_c: 4.6.7 (/opt/ros/jazzy/share/rosidl_generator_c/cmake)
[1.595s] -- Found rosidl_generator_cpp: 4.6.7 (/opt/ros/jazzy/share/rosidl_generator_cpp/cmake)
[1.629s] -- Using all available rosidl_typesupport_c: rosidl_typesupport_fastrtps_c;rosidl_typesupport_introspection_c
[1.671s] -- Using all available rosidl_typesupport_cpp: rosidl_typesupport_fastrtps_cpp;rosidl_typesupport_introspection_cpp
[1.814s] -- Found rmw_implementation_cmake: 7.3.3 (/opt/ros/jazzy/share/rmw_implementation_cmake/cmake)
[1.817s] -- Found rmw_fastrtps_cpp: 8.4.3 (/opt/ros/jazzy/share/rmw_fastrtps_cpp/cmake)
[1.997s] -- Found OpenSSL: /usr/lib/aarch64-linux-gnu/libcrypto.so (found version "3.0.13")  
[2.032s] -- Found FastRTPS: /opt/ros/jazzy/include (Required is at least version "2.13") 
[2.084s] -- Using RMW implementation 'rmw_fastrtps_cpp' as default
[2.229s] -- Found ament_lint_auto: 0.17.4 (/opt/ros/jazzy/share/ament_lint_auto/cmake)
[2.557s] -- Added test 'copyright' to check source files copyright and LICENSE
[2.561s] -- Added test 'cppcheck' to perform static code analysis on C / C++ code
[2.563s] -- Configured cppcheck include dirs: 
[2.564s] -- Configured cppcheck exclude dirs and/or files: 
[2.564s] -- Added test 'cpplint' to check C / C++ code against the Google style
[2.564s] -- Configured cpplint exclude dirs and/or files: 
[2.567s] -- Added test 'lint_cmake' to check CMake code style
[2.570s] -- Added test 'uncrustify' to check C / C++ code style
[2.573s] -- Configured uncrustify additional arguments: 
[2.574s] -- Added test 'xmllint' to check XML markup files
[2.579s] -- Configuring done (2.5s)
[2.617s] -- Generating done (0.0s)
[2.630s] -- Build files have been written to: /home/jjb/ros2_ws/build/examples_rclcpp_minimal_timer
[2.675s] Invoked command in '/home/jjb/ros2_ws/build/examples_rclcpp_minimal_timer' returned '0': CMAKE_PREFIX_PATH=${CMAKE_PREFIX_PATH}:/opt/ros/jazzy /usr/bin/cmake /home/jjb/ros2_ws/src/examples/rclcpp/timers/minimal_timer -DAMENT_CMAKE_SYMLINK_INSTALL=1 -DCMAKE_INSTALL_PREFIX=/home/jjb/ros2_ws/install/examples_rclcpp_minimal_timer
[2.675s] Invoking command in '/home/jjb/ros2_ws/build/examples_rclcpp_minimal_timer': CMAKE_PREFIX_PATH=${CMAKE_PREFIX_PATH}:/opt/ros/jazzy /usr/bin/cmake --build /home/jjb/ros2_ws/build/examples_rclcpp_minimal_timer -- -j4 -l4
[2.805s] [ 25%] [32mBuilding CXX object CMakeFiles/timer_lambda.dir/lambda.cpp.o[0m
[11.044s] [ 50%] [32m[1mLinking CXX executable timer_lambda[0m
[11.384s] [ 50%] Built target timer_lambda
[11.466s] [ 75%] [32mBuilding CXX object CMakeFiles/timer_member_function.dir/member_function.cpp.o[0m
[19.453s] [100%] [32m[1mLinking CXX executable timer_member_function[0m
[19.955s] [100%] Built target timer_member_function
[20.004s] Invoked command in '/home/jjb/ros2_ws/build/examples_rclcpp_minimal_timer' returned '0': CMAKE_PREFIX_PATH=${CMAKE_PREFIX_PATH}:/opt/ros/jazzy /usr/bin/cmake --build /home/jjb/ros2_ws/build/examples_rclcpp_minimal_timer -- -j4 -l4
[20.010s] Invoking command in '/home/jjb/ros2_ws/build/examples_rclcpp_minimal_timer': CMAKE_PREFIX_PATH=${CMAKE_PREFIX_PATH}:/opt/ros/jazzy /usr/bin/cmake --install /home/jjb/ros2_ws/build/examples_rclcpp_minimal_timer
[20.044s] -- Install configuration: ""
[20.049s] -- Execute custom install script
[20.050s] -- Symlinking: /home/jjb/ros2_ws/install/examples_rclcpp_minimal_timer/lib/examples_rclcpp_minimal_timer/timer_lambda
[20.089s] -- Symlinking: /home/jjb/ros2_ws/install/examples_rclcpp_minimal_timer/lib/examples_rclcpp_minimal_timer/timer_member_function
[20.127s] -- Symlinking: /home/jjb/ros2_ws/install/examples_rclcpp_minimal_timer/share/ament_index/resource_index/package_run_dependencies/examples_rclcpp_minimal_timer
[20.167s] -- Symlinking: /home/jjb/ros2_ws/install/examples_rclcpp_minimal_timer/share/ament_index/resource_index/parent_prefix_path/examples_rclcpp_minimal_timer
[20.210s] -- Symlinking: /home/jjb/ros2_ws/install/examples_rclcpp_minimal_timer/share/examples_rclcpp_minimal_timer/environment/ament_prefix_path.sh
[20.246s] -- Symlinking: /home/jjb/ros2_ws/install/examples_rclcpp_minimal_timer/share/examples_rclcpp_minimal_timer/environment/ament_prefix_path.dsv
[20.268s] -- Symlinking: /home/jjb/ros2_ws/install/examples_rclcpp_minimal_timer/share/examples_rclcpp_minimal_timer/environment/path.sh
[20.306s] -- Symlinking: /home/jjb/ros2_ws/install/examples_rclcpp_minimal_timer/share/examples_rclcpp_minimal_timer/environment/path.dsv
[20.336s] -- Symlinking: /home/jjb/ros2_ws/install/examples_rclcpp_minimal_timer/share/examples_rclcpp_minimal_timer/local_setup.bash
[20.359s] -- Symlinking: /home/jjb/ros2_ws/install/examples_rclcpp_minimal_timer/share/examples_rclcpp_minimal_timer/local_setup.sh
[20.387s] -- Symlinking: /home/jjb/ros2_ws/install/examples_rclcpp_minimal_timer/share/examples_rclcpp_minimal_timer/local_setup.zsh
[20.411s] -- Symlinking: /home/jjb/ros2_ws/install/examples_rclcpp_minimal_timer/share/examples_rclcpp_minimal_timer/local_setup.dsv
[20.437s] -- Symlinking: /home/jjb/ros2_ws/install/examples_rclcpp_minimal_timer/share/examples_rclcpp_minimal_timer/package.dsv
[20.461s] -- Symlinking: /home/jjb/ros2_ws/install/examples_rclcpp_minimal_timer/share/ament_index/resource_index/packages/examples_rclcpp_minimal_timer
[20.484s] -- Symlinking: /home/jjb/ros2_ws/install/examples_rclcpp_minimal_timer/share/examples_rclcpp_minimal_timer/cmake/examples_rclcpp_minimal_timerConfig.cmake
[20.507s] -- Symlinking: /home/jjb/ros2_ws/install/examples_rclcpp_minimal_timer/share/examples_rclcpp_minimal_timer/cmake/examples_rclcpp_minimal_timerConfig-version.cmake
[20.530s] -- Symlinking: /home/jjb/ros2_ws/install/examples_rclcpp_minimal_timer/share/examples_rclcpp_minimal_timer/package.xml
[20.559s] Invoked command in '/home/jjb/ros2_ws/build/examples_rclcpp_minimal_timer' returned '0': CMAKE_PREFIX_PATH=${CMAKE_PREFIX_PATH}:/opt/ros/jazzy /usr/bin/cmake --install /home/jjb/ros2_ws/build/examples_rclcpp_minimal_timer
