[0.021s] Invoking command in '/home/jjb/ros2_ws/build/lunabot_description': CMAKE_PREFIX_PATH=${CMAKE_PREFIX_PATH}:/home/jjb/ros2_ws/install/launch_testing_examples:/home/jjb/ros2_ws/install/examples_rclpy_pointcloud_publisher:/home/jjb/ros2_ws/install/examples_rclpy_minimal_subscriber:/home/jjb/ros2_ws/install/examples_rclpy_minimal_service:/home/jjb/ros2_ws/install/examples_rclpy_minimal_publisher:/home/jjb/ros2_ws/install/examples_rclpy_minimal_client:/home/jjb/ros2_ws/install/examples_rclpy_minimal_action_server:/home/jjb/ros2_ws/install/examples_rclpy_minimal_action_client:/home/jjb/ros2_ws/install/examples_rclpy_guard_conditions:/home/jjb/ros2_ws/install/examples_rclpy_executors:/opt/ros/jazzy /usr/bin/cmake --build /home/jjb/ros2_ws/build/lunabot_description -- -j4 -l4
[0.102s] Invoked command in '/home/jjb/ros2_ws/build/lunabot_description' returned '0': CMAKE_PREFIX_PATH=${CMAKE_PREFIX_PATH}:/home/jjb/ros2_ws/install/launch_testing_examples:/home/jjb/ros2_ws/install/examples_rclpy_pointcloud_publisher:/home/jjb/ros2_ws/install/examples_rclpy_minimal_subscriber:/home/jjb/ros2_ws/install/examples_rclpy_minimal_service:/home/jjb/ros2_ws/install/examples_rclpy_minimal_publisher:/home/jjb/ros2_ws/install/examples_rclpy_minimal_client:/home/jjb/ros2_ws/install/examples_rclpy_minimal_action_server:/home/jjb/ros2_ws/install/examples_rclpy_minimal_action_client:/home/jjb/ros2_ws/install/examples_rclpy_guard_conditions:/home/jjb/ros2_ws/install/examples_rclpy_executors:/opt/ros/jazzy /usr/bin/cmake --build /home/jjb/ros2_ws/build/lunabot_description -- -j4 -l4
[0.122s] Invoking command in '/home/jjb/ros2_ws/build/lunabot_description': CMAKE_PREFIX_PATH=${CMAKE_PREFIX_PATH}:/home/jjb/ros2_ws/install/launch_testing_examples:/home/jjb/ros2_ws/install/examples_rclpy_pointcloud_publisher:/home/jjb/ros2_ws/install/examples_rclpy_minimal_subscriber:/home/jjb/ros2_ws/install/examples_rclpy_minimal_service:/home/jjb/ros2_ws/install/examples_rclpy_minimal_publisher:/home/jjb/ros2_ws/install/examples_rclpy_minimal_client:/home/jjb/ros2_ws/install/examples_rclpy_minimal_action_server:/home/jjb/ros2_ws/install/examples_rclpy_minimal_action_client:/home/jjb/ros2_ws/install/examples_rclpy_guard_conditions:/home/jjb/ros2_ws/install/examples_rclpy_executors:/opt/ros/jazzy /usr/bin/cmake --install /home/jjb/ros2_ws/build/lunabot_description
[0.138s] -- Install configuration: ""
[0.138s] -- Installing: /home/jjb/ros2_ws/install/lunabot_description/share/lunabot_description/urdf
[0.139s] -- Installing: /home/jjb/ros2_ws/install/lunabot_description/share/lunabot_description/urdf/lunabot.urdf
[0.139s] -- Installing: /home/jjb/ros2_ws/install/lunabot_description/share/lunabot_description/launch
[0.139s] -- Installing: /home/jjb/ros2_ws/install/lunabot_description/share/lunabot_description/launch/description.launch.py
[0.139s] -- Installing: /home/jjb/ros2_ws/install/lunabot_description/share/ament_index/resource_index/package_run_dependencies/lunabot_description
[0.139s] -- Installing: /home/jjb/ros2_ws/install/lunabot_description/share/ament_index/resource_index/parent_prefix_path/lunabot_description
[0.140s] -- Installing: /home/jjb/ros2_ws/install/lunabot_description/share/lunabot_description/environment/ament_prefix_path.sh
[0.140s] -- Installing: /home/jjb/ros2_ws/install/lunabot_description/share/lunabot_description/environment/ament_prefix_path.dsv
[0.140s] -- Installing: /home/jjb/ros2_ws/install/lunabot_description/share/lunabot_description/environment/path.sh
[0.140s] -- Installing: /home/jjb/ros2_ws/install/lunabot_description/share/lunabot_description/environment/path.dsv
[0.140s] -- Installing: /home/jjb/ros2_ws/install/lunabot_description/share/lunabot_description/local_setup.bash
[0.141s] -- Installing: /home/jjb/ros2_ws/install/lunabot_description/share/lunabot_description/local_setup.sh
[0.141s] -- Installing: /home/jjb/ros2_ws/install/lunabot_description/share/lunabot_description/local_setup.zsh
[0.141s] -- Installing: /home/jjb/ros2_ws/install/lunabot_description/share/lunabot_description/local_setup.dsv
[0.141s] -- Installing: /home/jjb/ros2_ws/install/lunabot_description/share/lunabot_description/package.dsv
[0.141s] -- Installing: /home/jjb/ros2_ws/install/lunabot_description/share/ament_index/resource_index/packages/lunabot_description
[0.142s] -- Installing: /home/jjb/ros2_ws/install/lunabot_description/share/lunabot_description/cmake/lunabot_descriptionConfig.cmake
[0.142s] -- Installing: /home/jjb/ros2_ws/install/lunabot_description/share/lunabot_description/cmake/lunabot_descriptionConfig-version.cmake
[0.142s] -- Installing: /home/jjb/ros2_ws/install/lunabot_description/share/lunabot_description/package.xml
[0.145s] Invoked command in '/home/jjb/ros2_ws/build/lunabot_description' returned '0': CMAKE_PREFIX_PATH=${CMAKE_PREFIX_PATH}:/home/jjb/ros2_ws/install/launch_testing_examples:/home/jjb/ros2_ws/install/examples_rclpy_pointcloud_publisher:/home/jjb/ros2_ws/install/examples_rclpy_minimal_subscriber:/home/jjb/ros2_ws/install/examples_rclpy_minimal_service:/home/jjb/ros2_ws/install/examples_rclpy_minimal_publisher:/home/jjb/ros2_ws/install/examples_rclpy_minimal_client:/home/jjb/ros2_ws/install/examples_rclpy_minimal_action_server:/home/jjb/ros2_ws/install/examples_rclpy_minimal_action_client:/home/jjb/ros2_ws/install/examples_rclpy_guard_conditions:/home/jjb/ros2_ws/install/examples_rclpy_executors:/opt/ros/jazzy /usr/bin/cmake --install /home/jjb/ros2_ws/build/lunabot_description
