[0.025s] Invoking command in '/home/jjb/ros2_ws/build/examples_rclcpp_minimal_action_client': CMAKE_PREFIX_PATH=${CMAKE_PREFIX_PATH}:/opt/ros/jazzy /usr/bin/cmake /home/jjb/ros2_ws/src/examples/rclcpp/actions/minimal_action_client -DAMENT_CMAKE_SYMLINK_INSTALL=1 -DCMAKE_INSTALL_PREFIX=/home/jjb/ros2_ws/install/examples_rclcpp_minimal_action_client
[0.055s] -- Found ament_cmake: 2.5.5 (/opt/ros/jazzy/share/ament_cmake/cmake)
[0.612s] -- Override CMake install command with custom implementation using symlinks instead of copying resources
[0.644s] -- Found example_interfaces: 0.12.0 (/opt/ros/jazzy/share/example_interfaces/cmake)
[0.736s] -- Found rosidl_generator_c: 4.6.7 (/opt/ros/jazzy/share/rosidl_generator_c/cmake)
[0.772s] -- Found rosidl_generator_cpp: 4.6.7 (/opt/ros/jazzy/share/rosidl_generator_cpp/cmake)
[0.818s] -- Using all available rosidl_typesupport_c: rosidl_typesupport_fastrtps_c;rosidl_typesupport_introspection_c
[0.845s] -- Using all available rosidl_typesupport_cpp: rosidl_typesupport_fastrtps_cpp;rosidl_typesupport_introspection_cpp
[0.970s] -- Found rclcpp: 28.1.16 (/opt/ros/jazzy/share/rclcpp/cmake)
[1.039s] -- Found rmw_implementation_cmake: 7.3.3 (/opt/ros/jazzy/share/rmw_implementation_cmake/cmake)
[1.044s] -- Found rmw_fastrtps_cpp: 8.4.3 (/opt/ros/jazzy/share/rmw_fastrtps_cpp/cmake)
[1.230s] -- Found OpenSSL: /usr/lib/aarch64-linux-gnu/libcrypto.so (found version "3.0.13")  
[1.270s] -- Found FastRTPS: /opt/ros/jazzy/include (Required is at least version "2.13") 
[1.333s] -- Using RMW implementation 'rmw_fastrtps_cpp' as default
[1.469s] -- Found rclcpp_action: 28.1.16 (/opt/ros/jazzy/share/rclcpp_action/cmake)
[1.527s] -- Found ament_lint_auto: 0.17.4 (/opt/ros/jazzy/share/ament_lint_auto/cmake)
[2.052s] -- Added test 'copyright' to check source files copyright and LICENSE
[2.053s] -- Added test 'cppcheck' to perform static code analysis on C / C++ code
[2.058s] -- Configured cppcheck include dirs: 
[2.059s] -- Configured cppcheck exclude dirs and/or files: 
[2.064s] -- Added test 'cpplint' to check C / C++ code against the Google style
[2.064s] -- Configured cpplint exclude dirs and/or files: 
[2.066s] -- Added test 'lint_cmake' to check CMake code style
[2.075s] -- Added test 'uncrustify' to check C / C++ code style
[2.076s] -- Configured uncrustify additional arguments: 
[2.081s] -- Added test 'xmllint' to check XML markup files
[2.093s] -- Configuring done (2.0s)
[2.218s] -- Generating done (0.1s)
[2.254s] -- Build files have been written to: /home/jjb/ros2_ws/build/examples_rclcpp_minimal_action_client
[2.312s] Invoked command in '/home/jjb/ros2_ws/build/examples_rclcpp_minimal_action_client' returned '0': CMAKE_PREFIX_PATH=${CMAKE_PREFIX_PATH}:/opt/ros/jazzy /usr/bin/cmake /home/jjb/ros2_ws/src/examples/rclcpp/actions/minimal_action_client -DAMENT_CMAKE_SYMLINK_INSTALL=1 -DCMAKE_INSTALL_PREFIX=/home/jjb/ros2_ws/install/examples_rclcpp_minimal_action_client
[2.317s] Invoking command in '/home/jjb/ros2_ws/build/examples_rclcpp_minimal_action_client': CMAKE_PREFIX_PATH=${CMAKE_PREFIX_PATH}:/opt/ros/jazzy /usr/bin/cmake --build /home/jjb/ros2_ws/build/examples_rclcpp_minimal_action_client -- -j4 -l4
[2.603s] [ 12%] [32mBuilding CXX object CMakeFiles/action_client_member_functions.dir/member_functions.cpp.o[0m
[2.608s] [ 25%] [32mBuilding CXX object CMakeFiles/action_client_not_composable.dir/not_composable.cpp.o[0m
[2.618s] [ 37%] [32mBuilding CXX object CMakeFiles/action_client_not_composable_with_feedback.dir/not_composable_with_feedback.cpp.o[0m
[2.634s] [ 50%] [32mBuilding CXX object CMakeFiles/action_client_not_composable_with_cancel.dir/not_composable_with_cancel.cpp.o[0m
[29.936s] [ 62%] [32m[1mLinking CXX executable action_client_not_composable[0m
[30.191s] [ 75%] [32m[1mLinking CXX executable action_client_not_composable_with_feedback[0m
[31.538s] [ 75%] Built target action_client_not_composable_with_feedback
[31.904s] [ 75%] Built target action_client_not_composable
[32.706s] [ 87%] [32m[1mLinking CXX executable action_client_not_composable_with_cancel[0m
[33.763s] [100%] [32m[1mLinking CXX executable action_client_member_functions[0m
[34.083s] [100%] Built target action_client_not_composable_with_cancel
[34.970s] [100%] Built target action_client_member_functions
[35.029s] Invoked command in '/home/jjb/ros2_ws/build/examples_rclcpp_minimal_action_client' returned '0': CMAKE_PREFIX_PATH=${CMAKE_PREFIX_PATH}:/opt/ros/jazzy /usr/bin/cmake --build /home/jjb/ros2_ws/build/examples_rclcpp_minimal_action_client -- -j4 -l4
[35.036s] Invoking command in '/home/jjb/ros2_ws/build/examples_rclcpp_minimal_action_client': CMAKE_PREFIX_PATH=${CMAKE_PREFIX_PATH}:/opt/ros/jazzy /usr/bin/cmake --install /home/jjb/ros2_ws/build/examples_rclcpp_minimal_action_client
[35.073s] -- Install configuration: ""
[35.078s] -- Execute custom install script
[35.080s] -- Symlinking: /home/jjb/ros2_ws/install/examples_rclcpp_minimal_action_client/lib/examples_rclcpp_minimal_action_client/action_client_member_functions
[35.127s] -- Symlinking: /home/jjb/ros2_ws/install/examples_rclcpp_minimal_action_client/lib/examples_rclcpp_minimal_action_client/action_client_not_composable
[35.175s] -- Symlinking: /home/jjb/ros2_ws/install/examples_rclcpp_minimal_action_client/lib/examples_rclcpp_minimal_action_client/action_client_not_composable_with_cancel
[35.229s] -- Symlinking: /home/jjb/ros2_ws/install/examples_rclcpp_minimal_action_client/lib/examples_rclcpp_minimal_action_client/action_client_not_composable_with_feedback
[35.278s] -- Symlinking: /home/jjb/ros2_ws/install/examples_rclcpp_minimal_action_client/share/ament_index/resource_index/package_run_dependencies/examples_rclcpp_minimal_action_client
[35.328s] -- Symlinking: /home/jjb/ros2_ws/install/examples_rclcpp_minimal_action_client/share/ament_index/resource_index/parent_prefix_path/examples_rclcpp_minimal_action_client
[35.375s] -- Symlinking: /home/jjb/ros2_ws/install/examples_rclcpp_minimal_action_client/share/examples_rclcpp_minimal_action_client/environment/ament_prefix_path.sh
[35.421s] -- Symlinking: /home/jjb/ros2_ws/install/examples_rclcpp_minimal_action_client/share/examples_rclcpp_minimal_action_client/environment/ament_prefix_path.dsv
[35.476s] -- Symlinking: /home/jjb/ros2_ws/install/examples_rclcpp_minimal_action_client/share/examples_rclcpp_minimal_action_client/environment/path.sh
[35.522s] -- Symlinking: /home/jjb/ros2_ws/install/examples_rclcpp_minimal_action_client/share/examples_rclcpp_minimal_action_client/environment/path.dsv
[35.571s] -- Symlinking: /home/jjb/ros2_ws/install/examples_rclcpp_minimal_action_client/share/examples_rclcpp_minimal_action_client/local_setup.bash
[35.614s] -- Symlinking: /home/jjb/ros2_ws/install/examples_rclcpp_minimal_action_client/share/examples_rclcpp_minimal_action_client/local_setup.sh
[35.660s] -- Symlinking: /home/jjb/ros2_ws/install/examples_rclcpp_minimal_action_client/share/examples_rclcpp_minimal_action_client/local_setup.zsh
[35.707s] -- Symlinking: /home/jjb/ros2_ws/install/examples_rclcpp_minimal_action_client/share/examples_rclcpp_minimal_action_client/local_setup.dsv
[35.753s] -- Symlinking: /home/jjb/ros2_ws/install/examples_rclcpp_minimal_action_client/share/examples_rclcpp_minimal_action_client/package.dsv
[35.797s] -- Symlinking: /home/jjb/ros2_ws/install/examples_rclcpp_minimal_action_client/share/ament_index/resource_index/packages/examples_rclcpp_minimal_action_client
[35.847s] -- Symlinking: /home/jjb/ros2_ws/install/examples_rclcpp_minimal_action_client/share/examples_rclcpp_minimal_action_client/cmake/examples_rclcpp_minimal_action_clientConfig.cmake
[35.895s] -- Symlinking: /home/jjb/ros2_ws/install/examples_rclcpp_minimal_action_client/share/examples_rclcpp_minimal_action_client/cmake/examples_rclcpp_minimal_action_clientConfig-version.cmake
[35.953s] -- Symlinking: /home/jjb/ros2_ws/install/examples_rclcpp_minimal_action_client/share/examples_rclcpp_minimal_action_client/package.xml
[36.003s] Invoked command in '/home/jjb/ros2_ws/build/examples_rclcpp_minimal_action_client' returned '0': CMAKE_PREFIX_PATH=${CMAKE_PREFIX_PATH}:/opt/ros/jazzy /usr/bin/cmake --install /home/jjb/ros2_ws/build/examples_rclcpp_minimal_action_client
