[1.618s] Invoking command in '/home/jjb/ros2_ws/build/examples_rclpy_minimal_publisher': PYTHONPATH=/home/jjb/ros2_ws/build/examples_rclpy_minimal_publisher/prefix_override:/usr/lib/python3/dist-packages/colcon_core/task/python/colcon_distutils_commands:/home/jjb/ros2_ws/install/examples_rclpy_minimal_publisher/lib/python3.12/site-packages:${PYTHONPATH} /usr/bin/python3 -W ignore:setup.py install is deprecated -W ignore:easy_install command is deprecated setup.py develop --editable --build-directory /home/jjb/ros2_ws/build/examples_rclpy_minimal_publisher/build --no-deps symlink_data
[2.254s] running develop
[2.594s] running egg_info
[2.594s] creating examples_rclpy_minimal_publisher.egg-info
[2.623s] writing examples_rclpy_minimal_publisher.egg-info/PKG-INFO
[2.624s] writing dependency_links to examples_rclpy_minimal_publisher.egg-info/dependency_links.txt
[2.627s] writing entry points to examples_rclpy_minimal_publisher.egg-info/entry_points.txt
[2.627s] writing requirements to examples_rclpy_minimal_publisher.egg-info/requires.txt
[2.627s] writing top-level names to examples_rclpy_minimal_publisher.egg-info/top_level.txt
[2.627s] writing manifest file 'examples_rclpy_minimal_publisher.egg-info/SOURCES.txt'
[2.690s] reading manifest file 'examples_rclpy_minimal_publisher.egg-info/SOURCES.txt'
[2.691s] writing manifest file 'examples_rclpy_minimal_publisher.egg-info/SOURCES.txt'
[2.721s] running build_ext
[2.722s] Creating /home/jjb/ros2_ws/install/examples_rclpy_minimal_publisher/lib/python3.12/site-packages/examples-rclpy-minimal-publisher.egg-link (link to .)
[2.724s] Installing publisher_local_function script to /home/jjb/ros2_ws/install/examples_rclpy_minimal_publisher/lib/examples_rclpy_minimal_publisher
[2.725s] Installing publisher_member_function script to /home/jjb/ros2_ws/install/examples_rclpy_minimal_publisher/lib/examples_rclpy_minimal_publisher
[2.726s] Installing publisher_member_function_with_wait_for_all_acked script to /home/jjb/ros2_ws/install/examples_rclpy_minimal_publisher/lib/examples_rclpy_minimal_publisher
[2.727s] Installing publisher_old_school script to /home/jjb/ros2_ws/install/examples_rclpy_minimal_publisher/lib/examples_rclpy_minimal_publisher
[2.727s] 
[2.728s] Installed /home/jjb/ros2_ws/build/examples_rclpy_minimal_publisher
[2.728s] running symlink_data
[2.729s] creating /home/jjb/ros2_ws/install/examples_rclpy_minimal_publisher/share/ament_index
[2.729s] creating /home/jjb/ros2_ws/install/examples_rclpy_minimal_publisher/share/ament_index/resource_index
[2.730s] creating /home/jjb/ros2_ws/install/examples_rclpy_minimal_publisher/share/ament_index/resource_index/packages
[2.731s] symbolically linking /home/jjb/ros2_ws/build/examples_rclpy_minimal_publisher/resource/examples_rclpy_minimal_publisher -> /home/jjb/ros2_ws/install/examples_rclpy_minimal_publisher/share/ament_index/resource_index/packages
[2.731s] symbolically linking /home/jjb/ros2_ws/build/examples_rclpy_minimal_publisher/package.xml -> /home/jjb/ros2_ws/install/examples_rclpy_minimal_publisher/share/examples_rclpy_minimal_publisher
[2.868s] Invoked command in '/home/jjb/ros2_ws/build/examples_rclpy_minimal_publisher' returned '0': PYTHONPATH=/home/jjb/ros2_ws/build/examples_rclpy_minimal_publisher/prefix_override:/usr/lib/python3/dist-packages/colcon_core/task/python/colcon_distutils_commands:/home/jjb/ros2_ws/install/examples_rclpy_minimal_publisher/lib/python3.12/site-packages:${PYTHONPATH} /usr/bin/python3 -W ignore:setup.py install is deprecated -W ignore:easy_install command is deprecated setup.py develop --editable --build-directory /home/jjb/ros2_ws/build/examples_rclpy_minimal_publisher/build --no-deps symlink_data
