[1.974s] Invoking command in '/home/jjb/ros2_ws/build/examples_rclpy_guard_conditions': PYTHONPATH=/home/jjb/ros2_ws/build/examples_rclpy_guard_conditions/prefix_override:/usr/lib/python3/dist-packages/colcon_core/task/python/colcon_distutils_commands:/home/jjb/ros2_ws/install/examples_rclpy_guard_conditions/lib/python3.12/site-packages:${PYTHONPATH} /usr/bin/python3 -W ignore:setup.py install is deprecated -W ignore:easy_install command is deprecated setup.py develop --editable --build-directory /home/jjb/ros2_ws/build/examples_rclpy_guard_conditions/build --no-deps symlink_data
[2.891s] running develop
[3.246s] running egg_info
[3.248s] creating examples_rclpy_guard_conditions.egg-info
[3.327s] writing examples_rclpy_guard_conditions.egg-info/PKG-INFO
[3.331s] writing dependency_links to examples_rclpy_guard_conditions.egg-info/dependency_links.txt
[3.332s] writing entry points to examples_rclpy_guard_conditions.egg-info/entry_points.txt
[3.334s] writing requirements to examples_rclpy_guard_conditions.egg-info/requires.txt
[3.335s] writing top-level names to examples_rclpy_guard_conditions.egg-info/top_level.txt
[3.341s] writing manifest file 'examples_rclpy_guard_conditions.egg-info/SOURCES.txt'
[3.455s] reading manifest file 'examples_rclpy_guard_conditions.egg-info/SOURCES.txt'
[3.457s] writing manifest file 'examples_rclpy_guard_conditions.egg-info/SOURCES.txt'
[3.511s] running build_ext
[3.513s] Creating /home/jjb/ros2_ws/install/examples_rclpy_guard_conditions/lib/python3.12/site-packages/examples-rclpy-guard-conditions.egg-link (link to .)
[3.515s] Installing trigger_guard_condition script to /home/jjb/ros2_ws/install/examples_rclpy_guard_conditions/lib/examples_rclpy_guard_conditions
[3.517s] 
[3.518s] Installed /home/jjb/ros2_ws/build/examples_rclpy_guard_conditions
[3.518s] running symlink_data
[3.518s] creating /home/jjb/ros2_ws/install/examples_rclpy_guard_conditions/share/ament_index
[3.520s] creating /home/jjb/ros2_ws/install/examples_rclpy_guard_conditions/share/ament_index/resource_index
[3.520s] creating /home/jjb/ros2_ws/install/examples_rclpy_guard_conditions/share/ament_index/resource_index/packages
[3.520s] symbolically linking /home/jjb/ros2_ws/build/examples_rclpy_guard_conditions/resource/examples_rclpy_guard_conditions -> /home/jjb/ros2_ws/install/examples_rclpy_guard_conditions/share/ament_index/resource_index/packages
[3.524s] symbolically linking /home/jjb/ros2_ws/build/examples_rclpy_guard_conditions/package.xml -> /home/jjb/ros2_ws/install/examples_rclpy_guard_conditions/share/examples_rclpy_guard_conditions
[3.681s] Invoked command in '/home/jjb/ros2_ws/build/examples_rclpy_guard_conditions' returned '0': PYTHONPATH=/home/jjb/ros2_ws/build/examples_rclpy_guard_conditions/prefix_override:/usr/lib/python3/dist-packages/colcon_core/task/python/colcon_distutils_commands:/home/jjb/ros2_ws/install/examples_rclpy_guard_conditions/lib/python3.12/site-packages:${PYTHONPATH} /usr/bin/python3 -W ignore:setup.py install is deprecated -W ignore:easy_install command is deprecated setup.py develop --editable --build-directory /home/jjb/ros2_ws/build/examples_rclpy_guard_conditions/build --no-deps symlink_data
