[0.036s] Invoking command in '/home/jjb/ros2_ws/build/examples_rclcpp_minimal_client': CMAKE_PREFIX_PATH=${CMAKE_PREFIX_PATH}:/opt/ros/jazzy /usr/bin/cmake /home/jjb/ros2_ws/src/examples/rclcpp/services/minimal_client -DAMENT_CMAKE_SYMLINK_INSTALL=1 -DCMAKE_INSTALL_PREFIX=/home/jjb/ros2_ws/install/examples_rclcpp_minimal_client
[0.540s] -- The C compiler identification is GNU 13.3.0
[0.929s] -- The CXX compiler identification is GNU 13.3.0
[1.031s] -- Detecting C compiler ABI info
[1.571s] -- Detecting C compiler ABI info - done
[1.597s] -- Check for working C compiler: /usr/bin/cc - skipped
[1.600s] -- Detecting C compile features
[1.600s] -- Detecting C compile features - done
[1.637s] -- Detecting CXX compiler ABI info
[2.114s] -- Detecting CXX compiler ABI info - done
[2.156s] -- Check for working CXX compiler: /usr/bin/c++ - skipped
[2.156s] -- Detecting CXX compile features
[2.161s] -- Detecting CXX compile features - done
[2.173s] -- Found ament_cmake: 2.5.5 (/opt/ros/jazzy/share/ament_cmake/cmake)
[2.939s] -- Found Python3: /usr/bin/python3 (found version "3.12.3") found components: Interpreter 
[3.367s] -- Override CMake install command with custom implementation using symlinks instead of copying resources
[3.476s] -- Found example_interfaces: 0.12.0 (/opt/ros/jazzy/share/example_interfaces/cmake)
[3.570s] -- Found rosidl_generator_c: 4.6.7 (/opt/ros/jazzy/share/rosidl_generator_c/cmake)
[3.638s] -- Found rosidl_generator_cpp: 4.6.7 (/opt/ros/jazzy/share/rosidl_generator_cpp/cmake)
[3.699s] -- Using all available rosidl_typesupport_c: rosidl_typesupport_fastrtps_c;rosidl_typesupport_introspection_c
[3.768s] -- Using all available rosidl_typesupport_cpp: rosidl_typesupport_fastrtps_cpp;rosidl_typesupport_introspection_cpp
[4.097s] -- Found rclcpp: 28.1.16 (/opt/ros/jazzy/share/rclcpp/cmake)
[4.278s] -- Found rmw_implementation_cmake: 7.3.3 (/opt/ros/jazzy/share/rmw_implementation_cmake/cmake)
[4.292s] -- Found rmw_fastrtps_cpp: 8.4.3 (/opt/ros/jazzy/share/rmw_fastrtps_cpp/cmake)
[4.652s] -- Found OpenSSL: /usr/lib/aarch64-linux-gnu/libcrypto.so (found version "3.0.13")  
[4.719s] -- Found FastRTPS: /opt/ros/jazzy/include (Required is at least version "2.13") 
[4.830s] -- Using RMW implementation 'rmw_fastrtps_cpp' as default
[5.117s] -- Found ament_lint_auto: 0.17.4 (/opt/ros/jazzy/share/ament_lint_auto/cmake)
[5.743s] -- Added test 'copyright' to check source files copyright and LICENSE
[5.748s] -- Added test 'cppcheck' to perform static code analysis on C / C++ code
[5.749s] -- Configured cppcheck include dirs: 
[5.749s] -- Configured cppcheck exclude dirs and/or files: 
[5.753s] -- Added test 'cpplint' to check C / C++ code against the Google style
[5.753s] -- Configured cpplint exclude dirs and/or files: 
[5.755s] -- Added test 'lint_cmake' to check CMake code style
[5.761s] -- Added test 'uncrustify' to check C / C++ code style
[5.761s] -- Configured uncrustify additional arguments: 
[5.762s] -- Added test 'xmllint' to check XML markup files
[5.770s] -- Configuring done (5.7s)
[5.825s] -- Generating done (0.0s)
[5.843s] -- Build files have been written to: /home/jjb/ros2_ws/build/examples_rclcpp_minimal_client
[5.910s] Invoked command in '/home/jjb/ros2_ws/build/examples_rclcpp_minimal_client' returned '0': CMAKE_PREFIX_PATH=${CMAKE_PREFIX_PATH}:/opt/ros/jazzy /usr/bin/cmake /home/jjb/ros2_ws/src/examples/rclcpp/services/minimal_client -DAMENT_CMAKE_SYMLINK_INSTALL=1 -DCMAKE_INSTALL_PREFIX=/home/jjb/ros2_ws/install/examples_rclcpp_minimal_client
[5.911s] Invoking command in '/home/jjb/ros2_ws/build/examples_rclcpp_minimal_client': CMAKE_PREFIX_PATH=${CMAKE_PREFIX_PATH}:/opt/ros/jazzy /usr/bin/cmake --build /home/jjb/ros2_ws/build/examples_rclcpp_minimal_client -- -j4 -l4
[6.160s] [ 50%] [32mBuilding CXX object CMakeFiles/client_main.dir/main.cpp.o[0m
[20.624s] [100%] [32m[1mLinking CXX executable client_main[0m
[21.400s] [100%] Built target client_main
[21.460s] Invoked command in '/home/jjb/ros2_ws/build/examples_rclcpp_minimal_client' returned '0': CMAKE_PREFIX_PATH=${CMAKE_PREFIX_PATH}:/opt/ros/jazzy /usr/bin/cmake --build /home/jjb/ros2_ws/build/examples_rclcpp_minimal_client -- -j4 -l4
[21.463s] Invoking command in '/home/jjb/ros2_ws/build/examples_rclcpp_minimal_client': CMAKE_PREFIX_PATH=${CMAKE_PREFIX_PATH}:/opt/ros/jazzy /usr/bin/cmake --install /home/jjb/ros2_ws/build/examples_rclcpp_minimal_client
[21.501s] -- Install configuration: ""
[21.505s] -- Execute custom install script
[21.506s] -- Symlinking: /home/jjb/ros2_ws/install/examples_rclcpp_minimal_client/lib/examples_rclcpp_minimal_client/client_main
[21.562s] -- Symlinking: /home/jjb/ros2_ws/install/examples_rclcpp_minimal_client/share/ament_index/resource_index/package_run_dependencies/examples_rclcpp_minimal_client
[21.612s] -- Symlinking: /home/jjb/ros2_ws/install/examples_rclcpp_minimal_client/share/ament_index/resource_index/parent_prefix_path/examples_rclcpp_minimal_client
[21.671s] -- Symlinking: /home/jjb/ros2_ws/install/examples_rclcpp_minimal_client/share/examples_rclcpp_minimal_client/environment/ament_prefix_path.sh
[21.712s] -- Symlinking: /home/jjb/ros2_ws/install/examples_rclcpp_minimal_client/share/examples_rclcpp_minimal_client/environment/ament_prefix_path.dsv
[21.761s] -- Symlinking: /home/jjb/ros2_ws/install/examples_rclcpp_minimal_client/share/examples_rclcpp_minimal_client/environment/path.sh
[21.809s] -- Symlinking: /home/jjb/ros2_ws/install/examples_rclcpp_minimal_client/share/examples_rclcpp_minimal_client/environment/path.dsv
[21.855s] -- Symlinking: /home/jjb/ros2_ws/install/examples_rclcpp_minimal_client/share/examples_rclcpp_minimal_client/local_setup.bash
[21.905s] -- Symlinking: /home/jjb/ros2_ws/install/examples_rclcpp_minimal_client/share/examples_rclcpp_minimal_client/local_setup.sh
[21.950s] -- Symlinking: /home/jjb/ros2_ws/install/examples_rclcpp_minimal_client/share/examples_rclcpp_minimal_client/local_setup.zsh
[21.997s] -- Symlinking: /home/jjb/ros2_ws/install/examples_rclcpp_minimal_client/share/examples_rclcpp_minimal_client/local_setup.dsv
[22.032s] -- Symlinking: /home/jjb/ros2_ws/install/examples_rclcpp_minimal_client/share/examples_rclcpp_minimal_client/package.dsv
[22.056s] -- Symlinking: /home/jjb/ros2_ws/install/examples_rclcpp_minimal_client/share/ament_index/resource_index/packages/examples_rclcpp_minimal_client
[22.078s] -- Symlinking: /home/jjb/ros2_ws/install/examples_rclcpp_minimal_client/share/examples_rclcpp_minimal_client/cmake/examples_rclcpp_minimal_clientConfig.cmake
[22.105s] -- Symlinking: /home/jjb/ros2_ws/install/examples_rclcpp_minimal_client/share/examples_rclcpp_minimal_client/cmake/examples_rclcpp_minimal_clientConfig-version.cmake
[22.129s] -- Symlinking: /home/jjb/ros2_ws/install/examples_rclcpp_minimal_client/share/examples_rclcpp_minimal_client/package.xml
[22.162s] Invoked command in '/home/jjb/ros2_ws/build/examples_rclcpp_minimal_client' returned '0': CMAKE_PREFIX_PATH=${CMAKE_PREFIX_PATH}:/opt/ros/jazzy /usr/bin/cmake --install /home/jjb/ros2_ws/build/examples_rclcpp_minimal_client
