[1.627s] Invoking command in '/home/jjb/ros2_ws/build/examples_rclpy_minimal_client': PYTHONPATH=/home/jjb/ros2_ws/build/examples_rclpy_minimal_client/prefix_override:/usr/lib/python3/dist-packages/colcon_core/task/python/colcon_distutils_commands:/home/jjb/ros2_ws/install/examples_rclpy_minimal_client/lib/python3.12/site-packages:${PYTHONPATH} /usr/bin/python3 -W ignore:setup.py install is deprecated -W ignore:easy_install command is deprecated setup.py develop --editable --build-directory /home/jjb/ros2_ws/build/examples_rclpy_minimal_client/build --no-deps symlink_data
[2.221s] running develop
[2.589s] running egg_info
[2.589s] creating examples_rclpy_minimal_client.egg-info
[2.622s] writing examples_rclpy_minimal_client.egg-info/PKG-INFO
[2.622s] writing dependency_links to examples_rclpy_minimal_client.egg-info/dependency_links.txt
[2.623s] writing entry points to examples_rclpy_minimal_client.egg-info/entry_points.txt
[2.623s] writing requirements to examples_rclpy_minimal_client.egg-info/requires.txt
[2.623s] writing top-level names to examples_rclpy_minimal_client.egg-info/top_level.txt
[2.623s] writing manifest file 'examples_rclpy_minimal_client.egg-info/SOURCES.txt'
[2.692s] reading manifest file 'examples_rclpy_minimal_client.egg-info/SOURCES.txt'
[2.692s] writing manifest file 'examples_rclpy_minimal_client.egg-info/SOURCES.txt'
[2.726s] running build_ext
[2.726s] Creating /home/jjb/ros2_ws/install/examples_rclpy_minimal_client/lib/python3.12/site-packages/examples-rclpy-minimal-client.egg-link (link to .)
[2.728s] Installing client script to /home/jjb/ros2_ws/install/examples_rclpy_minimal_client/lib/examples_rclpy_minimal_client
[2.729s] Installing client_async script to /home/jjb/ros2_ws/install/examples_rclpy_minimal_client/lib/examples_rclpy_minimal_client
[2.729s] Installing client_async_callback script to /home/jjb/ros2_ws/install/examples_rclpy_minimal_client/lib/examples_rclpy_minimal_client
[2.729s] Installing client_async_member_function script to /home/jjb/ros2_ws/install/examples_rclpy_minimal_client/lib/examples_rclpy_minimal_client
[2.730s] 
[2.730s] Installed /home/jjb/ros2_ws/build/examples_rclpy_minimal_client
[2.730s] running symlink_data
[2.730s] creating /home/jjb/ros2_ws/install/examples_rclpy_minimal_client/share/ament_index
[2.731s] creating /home/jjb/ros2_ws/install/examples_rclpy_minimal_client/share/ament_index/resource_index
[2.731s] creating /home/jjb/ros2_ws/install/examples_rclpy_minimal_client/share/ament_index/resource_index/packages
[2.731s] symbolically linking /home/jjb/ros2_ws/build/examples_rclpy_minimal_client/resource/examples_rclpy_minimal_client -> /home/jjb/ros2_ws/install/examples_rclpy_minimal_client/share/ament_index/resource_index/packages
[2.731s] symbolically linking /home/jjb/ros2_ws/build/examples_rclpy_minimal_client/package.xml -> /home/jjb/ros2_ws/install/examples_rclpy_minimal_client/share/examples_rclpy_minimal_client
[2.867s] Invoked command in '/home/jjb/ros2_ws/build/examples_rclpy_minimal_client' returned '0': PYTHONPATH=/home/jjb/ros2_ws/build/examples_rclpy_minimal_client/prefix_override:/usr/lib/python3/dist-packages/colcon_core/task/python/colcon_distutils_commands:/home/jjb/ros2_ws/install/examples_rclpy_minimal_client/lib/python3.12/site-packages:${PYTHONPATH} /usr/bin/python3 -W ignore:setup.py install is deprecated -W ignore:easy_install command is deprecated setup.py develop --editable --build-directory /home/jjb/ros2_ws/build/examples_rclpy_minimal_client/build --no-deps symlink_data
