-- Current CPU architecture: aarch64
-- Found ament_cmake: 2.5.5 (/opt/ros/jazzy/share/ament_cmake/cmake)
-- Override CMake install command with custom implementation using symlinks instead of copying resources
-- Found rclcpp: 28.1.16 (/opt/ros/jazzy/share/rclcpp/cmake)
-- Found rosidl_generator_c: 4.6.7 (/opt/ros/jazzy/share/rosidl_generator_c/cmake)
-- Found rosidl_generator_cpp: 4.6.7 (/opt/ros/jazzy/share/rosidl_generator_cpp/cmake)
-- Using all available rosidl_typesupport_c: rosidl_typesupport_fastrtps_c;rosidl_typesupport_introspection_c
-- Using all available rosidl_typesupport_cpp: rosidl_typesupport_fastrtps_cpp;rosidl_typesupport_introspection_cpp
-- Found rmw_implementation_cmake: 7.3.3 (/opt/ros/jazzy/share/rmw_implementation_cmake/cmake)
-- Found rmw_fastrtps_cpp: 8.4.3 (/opt/ros/jazzy/share/rmw_fastrtps_cpp/cmake)
-- Using RMW implementation 'rmw_fastrtps_cpp' as default
-- Found rclpy: 7.1.9 (/opt/ros/jazzy/share/rclpy/cmake)
-- Found geometry_msgs: 5.3.6 (/opt/ros/jazzy/share/geometry_msgs/cmake)
-- Found nav_msgs: 5.3.6 (/opt/ros/jazzy/share/nav_msgs/cmake)
-- Found sensor_msgs: 5.3.6 (/opt/ros/jazzy/share/sensor_msgs/cmake)
-- Found pcl_ros: 2.6.2 (/opt/ros/jazzy/share/pcl_ros/cmake)
-- Found flann version 1.9.2
-- OpenNI found (version: 1.5.4.0, include: /usr/include/ni, lib: /usr/lib/libOpenNI.so;libusb::libusb)
-- OpenNI2 found (version: 2.2.0.33, include: /usr/include/openni2, lib: /usr/lib/aarch64-linux-gnu/libOpenNI2.so;libusb::libusb)
-- Could NOT find Pcap (missing: PCAP_LIBRARIES PCAP_INCLUDE_DIRS) 
-- OpenNI found (version: 1.5.4.0, include: /usr/include/ni, lib: /usr/lib/libOpenNI.so;libusb::libusb)
-- OpenNI2 found (version: 2.2.0.33, include: /usr/include/openni2, lib: /usr/lib/aarch64-linux-gnu/libOpenNI2.so;libusb::libusb)
-- Found Qhull version 8.0.2
-- OpenNI found (version: 1.5.4.0, include: /usr/include/ni, lib: /usr/lib/libOpenNI.so;libusb::libusb)
-- Found eigen3_cmake_module: 0.3.0 (/opt/ros/jazzy/share/eigen3_cmake_module/cmake)
-- Ensuring Eigen3 include directory is part of orocos-kdl CMake target
-- Found visualization_msgs: 5.3.6 (/opt/ros/jazzy/share/visualization_msgs/cmake)
-- Configuring done (6.2s)
-- Generating done (0.2s)
-- Build files have been written to: /home/jjb/ros2_ws/build/point_lio
[ 16%] [32mBuilding CXX object CMakeFiles/pointlio_mapping.dir/src/laserMapping.cpp.o[0m
[ 33%] [32m[1mLinking CXX executable pointlio_mapping[0m
[100%] Built target pointlio_mapping
-- Install configuration: ""
-- Execute custom install script
-- Up-to-date symlink: /home/jjb/ros2_ws/install/point_lio/lib/point_lio/pointlio_mapping
-- Up-to-date symlink: /home/jjb/ros2_ws/install/point_lio/share/point_lio/config/avia.yaml
-- Up-to-date symlink: /home/jjb/ros2_ws/install/point_lio/share/point_lio/config/horizon.yaml
-- Up-to-date symlink: /home/jjb/ros2_ws/install/point_lio/share/point_lio/config/mid360.yaml
-- Up-to-date symlink: /home/jjb/ros2_ws/install/point_lio/share/point_lio/config/ouster64.yaml
-- Up-to-date symlink: /home/jjb/ros2_ws/install/point_lio/share/point_lio/config/unilidar_l1.yaml
-- Up-to-date symlink: /home/jjb/ros2_ws/install/point_lio/share/point_lio/config/unilidar_l2.yaml
-- Up-to-date symlink: /home/jjb/ros2_ws/install/point_lio/share/point_lio/config/velody16.yaml
-- Up-to-date symlink: /home/jjb/ros2_ws/install/point_lio/share/point_lio/launch/correct_odom_unilidar_l1.launch.py
-- Up-to-date symlink: /home/jjb/ros2_ws/install/point_lio/share/point_lio/launch/correct_odom_unilidar_l2.launch.py
-- Up-to-date symlink: /home/jjb/ros2_ws/install/point_lio/share/point_lio/launch/gdb_debug_example.launch.py
-- Up-to-date symlink: /home/jjb/ros2_ws/install/point_lio/share/point_lio/launch/mapping_avia.launch.py
-- Up-to-date symlink: /home/jjb/ros2_ws/install/point_lio/share/point_lio/launch/mapping_horizon.launch.py
-- Up-to-date symlink: /home/jjb/ros2_ws/install/point_lio/share/point_lio/launch/mapping_mid360.launch.py
-- Up-to-date symlink: /home/jjb/ros2_ws/install/point_lio/share/point_lio/launch/mapping_ouster64.launch.py
-- Up-to-date symlink: /home/jjb/ros2_ws/install/point_lio/share/point_lio/launch/mapping_unilidar_l1.launch.py
-- Up-to-date symlink: /home/jjb/ros2_ws/install/point_lio/share/point_lio/launch/mapping_unilidar_l2.launch.py
-- Up-to-date symlink: /home/jjb/ros2_ws/install/point_lio/share/point_lio/launch/mapping_velody16.launch.py
-- Symlinking: /home/jjb/ros2_ws/install/point_lio/share/point_lio/launch/slam.launch.py
-- Up-to-date symlink: /home/jjb/ros2_ws/install/point_lio/share/point_lio/rviz_cfg/loam_livox.rviz
-- Up-to-date symlink: /home/jjb/ros2_ws/install/point_lio/share/ament_index/resource_index/package_run_dependencies/point_lio
-- Up-to-date symlink: /home/jjb/ros2_ws/install/point_lio/share/ament_index/resource_index/parent_prefix_path/point_lio
-- Up-to-date symlink: /home/jjb/ros2_ws/install/point_lio/share/point_lio/environment/ament_prefix_path.sh
-- Up-to-date symlink: /home/jjb/ros2_ws/install/point_lio/share/point_lio/environment/ament_prefix_path.dsv
-- Up-to-date symlink: /home/jjb/ros2_ws/install/point_lio/share/point_lio/environment/path.sh
-- Up-to-date symlink: /home/jjb/ros2_ws/install/point_lio/share/point_lio/environment/path.dsv
-- Up-to-date symlink: /home/jjb/ros2_ws/install/point_lio/share/point_lio/local_setup.bash
-- Up-to-date symlink: /home/jjb/ros2_ws/install/point_lio/share/point_lio/local_setup.sh
-- Up-to-date symlink: /home/jjb/ros2_ws/install/point_lio/share/point_lio/local_setup.zsh
-- Up-to-date symlink: /home/jjb/ros2_ws/install/point_lio/share/point_lio/local_setup.dsv
-- Symlinking: /home/jjb/ros2_ws/install/point_lio/share/point_lio/package.dsv
-- Up-to-date symlink: /home/jjb/ros2_ws/install/point_lio/share/ament_index/resource_index/packages/point_lio
-- Up-to-date symlink: /home/jjb/ros2_ws/install/point_lio/share/point_lio/cmake/ament_cmake_export_dependencies-extras.cmake
-- Up-to-date symlink: /home/jjb/ros2_ws/install/point_lio/share/point_lio/cmake/point_lioConfig.cmake
-- Up-to-date symlink: /home/jjb/ros2_ws/install/point_lio/share/point_lio/cmake/point_lioConfig-version.cmake
-- Up-to-date symlink: /home/jjb/ros2_ws/install/point_lio/share/point_lio/package.xml
