[0.043s] Invoking command in '/home/jjb/ros2_ws/build/examples_rclcpp_async_client': CMAKE_PREFIX_PATH=${CMAKE_PREFIX_PATH}:/opt/ros/jazzy /usr/bin/cmake /home/jjb/ros2_ws/src/examples/rclcpp/services/async_client -DAMENT_CMAKE_SYMLINK_INSTALL=1 -DCMAKE_INSTALL_PREFIX=/home/jjb/ros2_ws/install/examples_rclcpp_async_client
[0.759s] -- The C compiler identification is GNU 13.3.0
[1.244s] -- The CXX compiler identification is GNU 13.3.0
[1.299s] -- Detecting C compiler ABI info
[1.581s] -- Detecting C compiler ABI info - done
[1.596s] -- Check for working C compiler: /usr/bin/cc - skipped
[1.603s] -- Detecting C compile features
[1.604s] -- Detecting C compile features - done
[1.632s] -- Detecting CXX compiler ABI info
[1.887s] -- Detecting CXX compiler ABI info - done
[1.903s] -- Check for working CXX compiler: /usr/bin/c++ - skipped
[1.904s] -- Detecting CXX compile features
[1.906s] -- Detecting CXX compile features - done
[1.917s] -- Found ament_cmake: 2.5.5 (/opt/ros/jazzy/share/ament_cmake/cmake)
[2.303s] -- Found Python3: /usr/bin/python3 (found version "3.12.3") found components: Interpreter 
[2.548s] -- Override CMake install command with custom implementation using symlinks instead of copying resources
[2.633s] [31mCMake Error at CMakeLists.txt:15 (find_package):
[2.633s]   By not providing "Findexample_interfaces.cmake" in CMAKE_MODULE_PATH this
[2.633s]   project has asked CMake to find a package configuration file provided by
[2.634s]   "example_interfaces", but CMake did not find one.
[2.634s] 
[2.634s]   Could not find a package configuration file provided by
[2.634s]   "example_interfaces" with any of the following names:
[2.634s] 
[2.634s]     example_interfacesConfig.cmake
[2.634s]     example_interfaces-config.cmake
[2.634s] 
[2.634s]   Add the installation prefix of "example_interfaces" to CMAKE_PREFIX_PATH or
[2.634s]   set "example_interfaces_DIR" to a directory containing one of the above
[2.635s]   files.  If "example_interfaces" provides a separate development package or
[2.635s]   SDK, be sure it has been installed.
[2.635s] 
[2.635s] [0m
[2.641s] -- Configuring incomplete, errors occurred!
[2.642s] Invoked command in '/home/jjb/ros2_ws/build/examples_rclcpp_async_client' returned '1': CMAKE_PREFIX_PATH=${CMAKE_PREFIX_PATH}:/opt/ros/jazzy /usr/bin/cmake /home/jjb/ros2_ws/src/examples/rclcpp/services/async_client -DAMENT_CMAKE_SYMLINK_INSTALL=1 -DCMAKE_INSTALL_PREFIX=/home/jjb/ros2_ws/install/examples_rclcpp_async_client
