[1.502s] Invoking command in '/home/jjb/ros2_ws/build/examples_rclpy_minimal_action_client': PYTHONPATH=/home/jjb/ros2_ws/build/examples_rclpy_minimal_action_client/prefix_override:/usr/lib/python3/dist-packages/colcon_core/task/python/colcon_distutils_commands:/home/jjb/ros2_ws/install/examples_rclpy_minimal_action_client/lib/python3.12/site-packages:${PYTHONPATH} /usr/bin/python3 -W ignore:setup.py install is deprecated -W ignore:easy_install command is deprecated setup.py develop --editable --build-directory /home/jjb/ros2_ws/build/examples_rclpy_minimal_action_client/build --no-deps symlink_data
[2.128s] running develop
[2.576s] running egg_info
[2.577s] creating examples_rclpy_minimal_action_client.egg-info
[2.657s] writing examples_rclpy_minimal_action_client.egg-info/PKG-INFO
[2.662s] writing dependency_links to examples_rclpy_minimal_action_client.egg-info/dependency_links.txt
[2.667s] writing entry points to examples_rclpy_minimal_action_client.egg-info/entry_points.txt
[2.668s] writing requirements to examples_rclpy_minimal_action_client.egg-info/requires.txt
[2.668s] writing top-level names to examples_rclpy_minimal_action_client.egg-info/top_level.txt
[2.668s] writing manifest file 'examples_rclpy_minimal_action_client.egg-info/SOURCES.txt'
[2.798s] reading manifest file 'examples_rclpy_minimal_action_client.egg-info/SOURCES.txt'
[2.801s] writing manifest file 'examples_rclpy_minimal_action_client.egg-info/SOURCES.txt'
[2.859s] running build_ext
[2.860s] Creating /home/jjb/ros2_ws/install/examples_rclpy_minimal_action_client/lib/python3.12/site-packages/examples-rclpy-minimal-action-client.egg-link (link to .)
[2.860s] Installing client script to /home/jjb/ros2_ws/install/examples_rclpy_minimal_action_client/lib/examples_rclpy_minimal_action_client
[2.861s] Installing client_asyncio script to /home/jjb/ros2_ws/install/examples_rclpy_minimal_action_client/lib/examples_rclpy_minimal_action_client
[2.864s] Installing client_cancel script to /home/jjb/ros2_ws/install/examples_rclpy_minimal_action_client/lib/examples_rclpy_minimal_action_client
[2.864s] Installing client_not_composable script to /home/jjb/ros2_ws/install/examples_rclpy_minimal_action_client/lib/examples_rclpy_minimal_action_client
[2.864s] 
[2.864s] Installed /home/jjb/ros2_ws/build/examples_rclpy_minimal_action_client
[2.865s] running symlink_data
[2.865s] creating /home/jjb/ros2_ws/install/examples_rclpy_minimal_action_client/share/ament_index
[2.867s] creating /home/jjb/ros2_ws/install/examples_rclpy_minimal_action_client/share/ament_index/resource_index
[2.868s] creating /home/jjb/ros2_ws/install/examples_rclpy_minimal_action_client/share/ament_index/resource_index/packages
[2.868s] symbolically linking /home/jjb/ros2_ws/build/examples_rclpy_minimal_action_client/resource/examples_rclpy_minimal_action_client -> /home/jjb/ros2_ws/install/examples_rclpy_minimal_action_client/share/ament_index/resource_index/packages
[2.868s] symbolically linking /home/jjb/ros2_ws/build/examples_rclpy_minimal_action_client/package.xml -> /home/jjb/ros2_ws/install/examples_rclpy_minimal_action_client/share/examples_rclpy_minimal_action_client
[3.027s] Invoked command in '/home/jjb/ros2_ws/build/examples_rclpy_minimal_action_client' returned '0': PYTHONPATH=/home/jjb/ros2_ws/build/examples_rclpy_minimal_action_client/prefix_override:/usr/lib/python3/dist-packages/colcon_core/task/python/colcon_distutils_commands:/home/jjb/ros2_ws/install/examples_rclpy_minimal_action_client/lib/python3.12/site-packages:${PYTHONPATH} /usr/bin/python3 -W ignore:setup.py install is deprecated -W ignore:easy_install command is deprecated setup.py develop --editable --build-directory /home/jjb/ros2_ws/build/examples_rclpy_minimal_action_client/build --no-deps symlink_data
