[0.025s] Invoking command in '/home/jjb/ros2_ws/build/unitree_lidar_ros2': CMAKE_PREFIX_PATH=${CMAKE_PREFIX_PATH}:/opt/ros/jazzy /usr/bin/cmake /home/jjb/ros2_ws/src/unilidar_sdk/unitree_lidar_ros2/src/unitree_lidar_ros2 -DAMENT_CMAKE_SYMLINK_INSTALL=1 -DCMAKE_INSTALL_PREFIX=/home/jjb/ros2_ws/install/unitree_lidar_ros2
[0.069s] -- Found ament_cmake: 2.5.5 (/opt/ros/jazzy/share/ament_cmake/cmake)
[0.574s] -- Override CMake install command with custom implementation using symlinks instead of copying resources
[0.588s] -- Found rclcpp: 28.1.16 (/opt/ros/jazzy/share/rclcpp/cmake)
[0.634s] -- Found rosidl_generator_c: 4.6.7 (/opt/ros/jazzy/share/rosidl_generator_c/cmake)
[0.655s] -- Found rosidl_generator_cpp: 4.6.7 (/opt/ros/jazzy/share/rosidl_generator_cpp/cmake)
[0.680s] -- Using all available rosidl_typesupport_c: rosidl_typesupport_fastrtps_c;rosidl_typesupport_introspection_c
[0.707s] -- Using all available rosidl_typesupport_cpp: rosidl_typesupport_fastrtps_cpp;rosidl_typesupport_introspection_cpp
[0.821s] -- Found rmw_implementation_cmake: 7.3.3 (/opt/ros/jazzy/share/rmw_implementation_cmake/cmake)
[0.824s] -- Found rmw_fastrtps_cpp: 8.4.3 (/opt/ros/jazzy/share/rmw_fastrtps_cpp/cmake)
[0.950s] -- Using RMW implementation 'rmw_fastrtps_cpp' as default
[1.080s] -- Found std_msgs: 5.3.6 (/opt/ros/jazzy/share/std_msgs/cmake)
[1.103s] -- Found sensor_msgs: 5.3.6 (/opt/ros/jazzy/share/sensor_msgs/cmake)
[1.171s] -- Found pcl_conversions: 2.6.2 (/opt/ros/jazzy/share/pcl_conversions/cmake)
[1.260s] [33mCMake Warning (dev) at /usr/lib/aarch64-linux-gnu/cmake/pcl/Modules/FindFLANN.cmake:45 (find_package):
[1.261s]   Policy CMP0144 is not set: find_package uses upper-case <PACKAGENAME>_ROOT
[1.261s]   variables.  Run "cmake --help-policy CMP0144" for policy details.  Use the
[1.261s]   cmake_policy command to set the policy and suppress this warning.
[1.261s] 
[1.261s]   CMake variable FLANN_ROOT is set to:
[1.261s] 
[1.261s]     /usr
[1.262s] 
[1.264s]   For compatibility, find_package is ignoring the variable, but code in a
[1.264s]   .cmake module might still use it.
[1.264s] Call Stack (most recent call first):
[1.264s]   /usr/lib/aarch64-linux-gnu/cmake/pcl/PCLConfig.cmake:261 (find_package)
[1.264s]   /usr/lib/aarch64-linux-gnu/cmake/pcl/PCLConfig.cmake:306 (find_flann)
[1.265s]   /usr/lib/aarch64-linux-gnu/cmake/pcl/PCLConfig.cmake:570 (find_external_library)
[1.265s]   /opt/ros/jazzy/share/pcl_conversions/cmake/ament_cmake_export_dependencies-extras.cmake:21 (find_package)
[1.265s]   /opt/ros/jazzy/share/pcl_conversions/cmake/pcl_conversionsConfig.cmake:41 (include)
[1.265s]   CMakeLists.txt:22 (find_package)
[1.265s] This warning is for project developers.  Use -Wno-dev to suppress it.
[1.265s] [0m
[1.265s] -- Found flann version 1.9.2
[2.049s] -- OpenNI found (version: 1.5.4.0, include: /usr/include/ni, lib: /usr/lib/libOpenNI.so;libusb::libusb)
[2.061s] -- OpenNI2 found (version: 2.2.0.33, include: /usr/include/openni2, lib: /usr/lib/aarch64-linux-gnu/libOpenNI2.so;libusb::libusb)
[2.066s] -- Could NOT find Pcap (missing: PCAP_LIBRARIES PCAP_INCLUDE_DIRS) 
[2.885s] -- OpenNI found (version: 1.5.4.0, include: /usr/include/ni, lib: /usr/lib/libOpenNI.so;libusb::libusb)
[2.903s] -- OpenNI2 found (version: 2.2.0.33, include: /usr/include/openni2, lib: /usr/lib/aarch64-linux-gnu/libOpenNI2.so;libusb::libusb)
[3.933s] -- Found Qhull version 8.0.2
[4.748s] -- OpenNI found (version: 1.5.4.0, include: /usr/include/ni, lib: /usr/lib/libOpenNI.so;libusb::libusb)
[5.533s] [33mCMake Warning (dev) at CMakeLists.txt:23 (find_package):
[5.533s]   Policy CMP0074 is not set: find_package uses <PackageName>_ROOT variables.
[5.533s]   Run "cmake --help-policy CMP0074" for policy details.  Use the cmake_policy
[5.533s]   command to set the policy and suppress this warning.
[5.533s] 
[5.533s]   CMake variable PCL_ROOT is set to:
[5.533s] 
[5.534s]     /usr
[5.534s] 
[5.534s]   For compatibility, CMake is ignoring the variable.
[5.534s] This warning is for project developers.  Use -Wno-dev to suppress it.
[5.534s] [0m
[5.838s] -- Configuring done (5.8s)
[6.001s] -- Generating done (0.1s)
[6.030s] -- Build files have been written to: /home/jjb/ros2_ws/build/unitree_lidar_ros2
[6.099s] Invoked command in '/home/jjb/ros2_ws/build/unitree_lidar_ros2' returned '0': CMAKE_PREFIX_PATH=${CMAKE_PREFIX_PATH}:/opt/ros/jazzy /usr/bin/cmake /home/jjb/ros2_ws/src/unilidar_sdk/unitree_lidar_ros2/src/unitree_lidar_ros2 -DAMENT_CMAKE_SYMLINK_INSTALL=1 -DCMAKE_INSTALL_PREFIX=/home/jjb/ros2_ws/install/unitree_lidar_ros2
[6.105s] Invoking command in '/home/jjb/ros2_ws/build/unitree_lidar_ros2': CMAKE_PREFIX_PATH=${CMAKE_PREFIX_PATH}:/opt/ros/jazzy /usr/bin/cmake --build /home/jjb/ros2_ws/build/unitree_lidar_ros2 -- -j4 -l4
[6.427s] [ 50%] [32m[1mLinking CXX executable unitree_lidar_ros2_node[0m
[11.267s] [100%] Built target unitree_lidar_ros2_node
[11.315s] Invoked command in '/home/jjb/ros2_ws/build/unitree_lidar_ros2' returned '0': CMAKE_PREFIX_PATH=${CMAKE_PREFIX_PATH}:/opt/ros/jazzy /usr/bin/cmake --build /home/jjb/ros2_ws/build/unitree_lidar_ros2 -- -j4 -l4
[11.319s] Invoking command in '/home/jjb/ros2_ws/build/unitree_lidar_ros2': CMAKE_PREFIX_PATH=${CMAKE_PREFIX_PATH}:/opt/ros/jazzy /usr/bin/cmake --install /home/jjb/ros2_ws/build/unitree_lidar_ros2
[11.349s] -- Install configuration: ""
[11.349s] -- Execute custom install script
[11.356s] -- Symlinking: /home/jjb/ros2_ws/install/unitree_lidar_ros2/lib/unitree_lidar_ros2/unitree_lidar_ros2_node
[11.388s] -- Symlinking: /home/jjb/ros2_ws/install/unitree_lidar_ros2/share/unitree_lidar_ros2/view.rviz
[11.427s] -- Symlinking: /home/jjb/ros2_ws/install/unitree_lidar_ros2/share/unitree_lidar_ros2/launch.py
[11.463s] -- Symlinking: /home/jjb/ros2_ws/install/unitree_lidar_ros2/share/ament_index/resource_index/package_run_dependencies/unitree_lidar_ros2
[11.508s] -- Symlinking: /home/jjb/ros2_ws/install/unitree_lidar_ros2/share/ament_index/resource_index/parent_prefix_path/unitree_lidar_ros2
[11.545s] -- Symlinking: /home/jjb/ros2_ws/install/unitree_lidar_ros2/share/unitree_lidar_ros2/environment/ament_prefix_path.sh
[11.588s] -- Symlinking: /home/jjb/ros2_ws/install/unitree_lidar_ros2/share/unitree_lidar_ros2/environment/ament_prefix_path.dsv
[11.620s] -- Symlinking: /home/jjb/ros2_ws/install/unitree_lidar_ros2/share/unitree_lidar_ros2/environment/path.sh
[11.658s] -- Symlinking: /home/jjb/ros2_ws/install/unitree_lidar_ros2/share/unitree_lidar_ros2/environment/path.dsv
[11.703s] -- Symlinking: /home/jjb/ros2_ws/install/unitree_lidar_ros2/share/unitree_lidar_ros2/local_setup.bash
[11.742s] -- Symlinking: /home/jjb/ros2_ws/install/unitree_lidar_ros2/share/unitree_lidar_ros2/local_setup.sh
[11.778s] -- Symlinking: /home/jjb/ros2_ws/install/unitree_lidar_ros2/share/unitree_lidar_ros2/local_setup.zsh
[11.822s] -- Symlinking: /home/jjb/ros2_ws/install/unitree_lidar_ros2/share/unitree_lidar_ros2/local_setup.dsv
[11.861s] -- Symlinking: /home/jjb/ros2_ws/install/unitree_lidar_ros2/share/unitree_lidar_ros2/package.dsv
[11.915s] -- Symlinking: /home/jjb/ros2_ws/install/unitree_lidar_ros2/share/ament_index/resource_index/packages/unitree_lidar_ros2
[11.963s] -- Symlinking: /home/jjb/ros2_ws/install/unitree_lidar_ros2/share/unitree_lidar_ros2/cmake/unitree_lidar_ros2Config.cmake
[12.005s] -- Symlinking: /home/jjb/ros2_ws/install/unitree_lidar_ros2/share/unitree_lidar_ros2/cmake/unitree_lidar_ros2Config-version.cmake
[12.045s] -- Symlinking: /home/jjb/ros2_ws/install/unitree_lidar_ros2/share/unitree_lidar_ros2/package.xml
[12.086s] Invoked command in '/home/jjb/ros2_ws/build/unitree_lidar_ros2' returned '0': CMAKE_PREFIX_PATH=${CMAKE_PREFIX_PATH}:/opt/ros/jazzy /usr/bin/cmake --install /home/jjb/ros2_ws/build/unitree_lidar_ros2
