[0.012s] Invoking command in '/home/jjb/ros2_ws/build/examples_rclcpp_minimal_publisher': CMAKE_PREFIX_PATH=${CMAKE_PREFIX_PATH}:/opt/ros/jazzy /usr/bin/cmake /home/jjb/ros2_ws/src/examples/rclcpp/topics/minimal_publisher -DAMENT_CMAKE_SYMLINK_INSTALL=1 -DCMAKE_INSTALL_PREFIX=/home/jjb/ros2_ws/install/examples_rclcpp_minimal_publisher
[0.272s] -- The C compiler identification is GNU 13.3.0
[0.450s] -- The CXX compiler identification is GNU 13.3.0
[0.486s] -- Detecting C compiler ABI info
[0.879s] -- Detecting C compiler ABI info - done
[0.913s] -- Check for working C compiler: /usr/bin/cc - skipped
[0.920s] -- Detecting C compile features
[0.920s] -- Detecting C compile features - done
[0.959s] -- Detecting CXX compiler ABI info
[1.418s] -- Detecting CXX compiler ABI info - done
[1.453s] -- Check for working CXX compiler: /usr/bin/c++ - skipped
[1.453s] -- Detecting CXX compile features
[1.454s] -- Detecting CXX compile features - done
[1.466s] -- Found ament_cmake: 2.5.5 (/opt/ros/jazzy/share/ament_cmake/cmake)
[2.252s] -- Found Python3: /usr/bin/python3 (found version "3.12.3") found components: Interpreter 
[2.686s] -- Override CMake install command with custom implementation using symlinks instead of copying resources
[2.781s] -- Found rclcpp: 28.1.16 (/opt/ros/jazzy/share/rclcpp/cmake)
[2.913s] -- Found rosidl_generator_c: 4.6.7 (/opt/ros/jazzy/share/rosidl_generator_c/cmake)
[2.963s] -- Found rosidl_generator_cpp: 4.6.7 (/opt/ros/jazzy/share/rosidl_generator_cpp/cmake)
[3.024s] -- Using all available rosidl_typesupport_c: rosidl_typesupport_fastrtps_c;rosidl_typesupport_introspection_c
[3.098s] -- Using all available rosidl_typesupport_cpp: rosidl_typesupport_fastrtps_cpp;rosidl_typesupport_introspection_cpp
[3.401s] -- Found rmw_implementation_cmake: 7.3.3 (/opt/ros/jazzy/share/rmw_implementation_cmake/cmake)
[3.416s] -- Found rmw_fastrtps_cpp: 8.4.3 (/opt/ros/jazzy/share/rmw_fastrtps_cpp/cmake)
[3.750s] -- Found OpenSSL: /usr/lib/aarch64-linux-gnu/libcrypto.so (found version "3.0.13")  
[3.825s] -- Found FastRTPS: /opt/ros/jazzy/include (Required is at least version "2.13") 
[3.931s] -- Using RMW implementation 'rmw_fastrtps_cpp' as default
[4.227s] -- Found std_msgs: 5.3.6 (/opt/ros/jazzy/share/std_msgs/cmake)
[4.313s] -- Found ament_lint_auto: 0.17.4 (/opt/ros/jazzy/share/ament_lint_auto/cmake)
[4.945s] -- Added test 'copyright' to check source files copyright and LICENSE
[4.951s] -- Added test 'cppcheck' to perform static code analysis on C / C++ code
[4.957s] -- Configured cppcheck include dirs: 
[4.957s] -- Configured cppcheck exclude dirs and/or files: 
[4.957s] -- Added test 'cpplint' to check C / C++ code against the Google style
[4.958s] -- Configured cpplint exclude dirs and/or files: 
[4.963s] -- Added test 'lint_cmake' to check CMake code style
[4.965s] -- Added test 'uncrustify' to check C / C++ code style
[4.970s] -- Configured uncrustify additional arguments: 
[4.971s] -- Added test 'xmllint' to check XML markup files
[4.981s] -- Configuring done (4.9s)
[5.112s] -- Generating done (0.1s)
[5.160s] -- Build files have been written to: /home/jjb/ros2_ws/build/examples_rclcpp_minimal_publisher
[5.222s] Invoked command in '/home/jjb/ros2_ws/build/examples_rclcpp_minimal_publisher' returned '0': CMAKE_PREFIX_PATH=${CMAKE_PREFIX_PATH}:/opt/ros/jazzy /usr/bin/cmake /home/jjb/ros2_ws/src/examples/rclcpp/topics/minimal_publisher -DAMENT_CMAKE_SYMLINK_INSTALL=1 -DCMAKE_INSTALL_PREFIX=/home/jjb/ros2_ws/install/examples_rclcpp_minimal_publisher
[5.226s] Invoking command in '/home/jjb/ros2_ws/build/examples_rclcpp_minimal_publisher': CMAKE_PREFIX_PATH=${CMAKE_PREFIX_PATH}:/opt/ros/jazzy /usr/bin/cmake --build /home/jjb/ros2_ws/build/examples_rclcpp_minimal_publisher -- -j4 -l4
[5.477s] [  8%] [32mBuilding CXX object CMakeFiles/publisher_lambda.dir/lambda.cpp.o[0m
[24.813s] [ 16%] [32m[1mLinking CXX executable publisher_lambda[0m
[25.390s] [ 16%] Built target publisher_lambda
[25.445s] [ 25%] [32mBuilding CXX object CMakeFiles/publisher_member_function_with_unique_network_flow_endpoints.dir/member_function_with_unique_network_flow_endpoints.cpp.o[0m
[36.781s] [ 33%] [32m[1mLinking CXX executable publisher_member_function_with_unique_network_flow_endpoints[0m
[37.359s] [ 33%] Built target publisher_member_function_with_unique_network_flow_endpoints
[37.407s] [ 41%] [32mBuilding CXX object CMakeFiles/publisher_wait_for_all_acked.dir/member_function_with_wait_for_all_acked.cpp.o[0m
[50.070s] [ 50%] [32m[1mLinking CXX executable publisher_wait_for_all_acked[0m
[50.630s] [ 50%] Built target publisher_wait_for_all_acked
[50.680s] [ 58%] [32mBuilding CXX object CMakeFiles/publisher_not_composable.dir/not_composable.cpp.o[0m
[62.033s] [ 66%] [32m[1mLinking CXX executable publisher_not_composable[0m
[62.577s] [ 66%] Built target publisher_not_composable
[62.628s] [ 75%] [32mBuilding CXX object CMakeFiles/publisher_member_function_with_type_adapter.dir/member_function_with_type_adapter.cpp.o[0m
[75.085s] [ 83%] [32m[1mLinking CXX executable publisher_member_function_with_type_adapter[0m
[75.666s] [ 83%] Built target publisher_member_function_with_type_adapter
[75.717s] [ 91%] [32mBuilding CXX object CMakeFiles/publisher_member_function.dir/member_function.cpp.o[0m
[87.100s] [100%] [32m[1mLinking CXX executable publisher_member_function[0m
[87.673s] [100%] Built target publisher_member_function
[88.124s] Invoked command in '/home/jjb/ros2_ws/build/examples_rclcpp_minimal_publisher' returned '0': CMAKE_PREFIX_PATH=${CMAKE_PREFIX_PATH}:/opt/ros/jazzy /usr/bin/cmake --build /home/jjb/ros2_ws/build/examples_rclcpp_minimal_publisher -- -j4 -l4
[88.127s] Invoking command in '/home/jjb/ros2_ws/build/examples_rclcpp_minimal_publisher': CMAKE_PREFIX_PATH=${CMAKE_PREFIX_PATH}:/opt/ros/jazzy /usr/bin/cmake --install /home/jjb/ros2_ws/build/examples_rclcpp_minimal_publisher
[88.147s] -- Install configuration: ""
[88.148s] -- Execute custom install script
[88.150s] -- Symlinking: /home/jjb/ros2_ws/install/examples_rclcpp_minimal_publisher/lib/examples_rclcpp_minimal_publisher/publisher_lambda
[88.176s] -- Symlinking: /home/jjb/ros2_ws/install/examples_rclcpp_minimal_publisher/lib/examples_rclcpp_minimal_publisher/publisher_member_function
[88.200s] -- Symlinking: /home/jjb/ros2_ws/install/examples_rclcpp_minimal_publisher/lib/examples_rclcpp_minimal_publisher/publisher_member_function_with_type_adapter
[88.220s] -- Symlinking: /home/jjb/ros2_ws/install/examples_rclcpp_minimal_publisher/lib/examples_rclcpp_minimal_publisher/publisher_member_function_with_unique_network_flow_endpoints
[88.239s] -- Symlinking: /home/jjb/ros2_ws/install/examples_rclcpp_minimal_publisher/lib/examples_rclcpp_minimal_publisher/publisher_wait_for_all_acked
[88.258s] -- Symlinking: /home/jjb/ros2_ws/install/examples_rclcpp_minimal_publisher/lib/examples_rclcpp_minimal_publisher/publisher_not_composable
[88.278s] -- Symlinking: /home/jjb/ros2_ws/install/examples_rclcpp_minimal_publisher/share/ament_index/resource_index/package_run_dependencies/examples_rclcpp_minimal_publisher
[88.297s] -- Symlinking: /home/jjb/ros2_ws/install/examples_rclcpp_minimal_publisher/share/ament_index/resource_index/parent_prefix_path/examples_rclcpp_minimal_publisher
[88.318s] -- Symlinking: /home/jjb/ros2_ws/install/examples_rclcpp_minimal_publisher/share/examples_rclcpp_minimal_publisher/environment/ament_prefix_path.sh
[88.338s] -- Symlinking: /home/jjb/ros2_ws/install/examples_rclcpp_minimal_publisher/share/examples_rclcpp_minimal_publisher/environment/ament_prefix_path.dsv
[88.358s] -- Symlinking: /home/jjb/ros2_ws/install/examples_rclcpp_minimal_publisher/share/examples_rclcpp_minimal_publisher/environment/path.sh
[88.377s] -- Symlinking: /home/jjb/ros2_ws/install/examples_rclcpp_minimal_publisher/share/examples_rclcpp_minimal_publisher/environment/path.dsv
[88.396s] -- Symlinking: /home/jjb/ros2_ws/install/examples_rclcpp_minimal_publisher/share/examples_rclcpp_minimal_publisher/local_setup.bash
[88.416s] -- Symlinking: /home/jjb/ros2_ws/install/examples_rclcpp_minimal_publisher/share/examples_rclcpp_minimal_publisher/local_setup.sh
[88.435s] -- Symlinking: /home/jjb/ros2_ws/install/examples_rclcpp_minimal_publisher/share/examples_rclcpp_minimal_publisher/local_setup.zsh
[88.454s] -- Symlinking: /home/jjb/ros2_ws/install/examples_rclcpp_minimal_publisher/share/examples_rclcpp_minimal_publisher/local_setup.dsv
[88.474s] -- Symlinking: /home/jjb/ros2_ws/install/examples_rclcpp_minimal_publisher/share/examples_rclcpp_minimal_publisher/package.dsv
[88.494s] -- Symlinking: /home/jjb/ros2_ws/install/examples_rclcpp_minimal_publisher/share/ament_index/resource_index/packages/examples_rclcpp_minimal_publisher
[88.515s] -- Symlinking: /home/jjb/ros2_ws/install/examples_rclcpp_minimal_publisher/share/examples_rclcpp_minimal_publisher/cmake/examples_rclcpp_minimal_publisherConfig.cmake
[88.534s] -- Symlinking: /home/jjb/ros2_ws/install/examples_rclcpp_minimal_publisher/share/examples_rclcpp_minimal_publisher/cmake/examples_rclcpp_minimal_publisherConfig-version.cmake
[88.553s] -- Symlinking: /home/jjb/ros2_ws/install/examples_rclcpp_minimal_publisher/share/examples_rclcpp_minimal_publisher/package.xml
[88.578s] Invoked command in '/home/jjb/ros2_ws/build/examples_rclcpp_minimal_publisher' returned '0': CMAKE_PREFIX_PATH=${CMAKE_PREFIX_PATH}:/opt/ros/jazzy /usr/bin/cmake --install /home/jjb/ros2_ws/build/examples_rclcpp_minimal_publisher
