[0.027s] Invoking command in '/home/jjb/ros2_ws/build/examples_rclcpp_minimal_action_client': CMAKE_PREFIX_PATH=${CMAKE_PREFIX_PATH}:/opt/ros/jazzy /usr/bin/cmake /home/jjb/ros2_ws/src/examples/rclcpp/actions/minimal_action_client -DAMENT_CMAKE_SYMLINK_INSTALL=1 -DCMAKE_INSTALL_PREFIX=/home/jjb/ros2_ws/install/examples_rclcpp_minimal_action_client
[0.731s] -- The C compiler identification is GNU 13.3.0
[1.215s] -- The CXX compiler identification is GNU 13.3.0
[1.270s] -- Detecting C compiler ABI info
[1.553s] -- Detecting C compiler ABI info - done
[1.568s] -- Check for working C compiler: /usr/bin/cc - skipped
[1.574s] -- Detecting C compile features
[1.576s] -- Detecting C compile features - done
[1.603s] -- Detecting CXX compiler ABI info
[1.866s] -- Detecting CXX compiler ABI info - done
[1.879s] -- Check for working CXX compiler: /usr/bin/c++ - skipped
[1.879s] -- Detecting CXX compile features
[1.880s] -- Detecting CXX compile features - done
[1.888s] -- Found ament_cmake: 2.5.5 (/opt/ros/jazzy/share/ament_cmake/cmake)
[2.275s] -- Found Python3: /usr/bin/python3 (found version "3.12.3") found components: Interpreter 
[2.520s] -- Override CMake install command with custom implementation using symlinks instead of copying resources
[2.607s] [31mCMake Error at CMakeLists.txt:15 (find_package):
[2.607s]   By not providing "Findexample_interfaces.cmake" in CMAKE_MODULE_PATH this
[2.607s]   project has asked CMake to find a package configuration file provided by
[2.607s]   "example_interfaces", but CMake did not find one.
[2.607s] 
[2.608s]   Could not find a package configuration file provided by
[2.609s]   "example_interfaces" with any of the following names:
[2.609s] 
[2.613s]     example_interfacesConfig.cmake
[2.613s]     example_interfaces-config.cmake
[2.613s] 
[2.613s]   Add the installation prefix of "example_interfaces" to CMAKE_PREFIX_PATH or
[2.613s]   set "example_interfaces_DIR" to a directory containing one of the above
[2.613s]   files.  If "example_interfaces" provides a separate development package or
[2.613s]   SDK, be sure it has been installed.
[2.614s] 
[2.614s] [0m
[2.614s] -- Configuring incomplete, errors occurred!
[2.619s] Invoked command in '/home/jjb/ros2_ws/build/examples_rclcpp_minimal_action_client' returned '1': CMAKE_PREFIX_PATH=${CMAKE_PREFIX_PATH}:/opt/ros/jazzy /usr/bin/cmake /home/jjb/ros2_ws/src/examples/rclcpp/actions/minimal_action_client -DAMENT_CMAKE_SYMLINK_INSTALL=1 -DCMAKE_INSTALL_PREFIX=/home/jjb/ros2_ws/install/examples_rclcpp_minimal_action_client
