[0.033s] Invoking command in '/home/jjb/ros2_ws/build/unitree_lidar_sdk': /usr/bin/cmake /home/jjb/ros2_ws/src/unilidar_sdk/unitree_lidar_sdk -DCMAKE_INSTALL_PREFIX=/home/jjb/ros2_ws/install/unitree_lidar_sdk
[0.047s] [0mCMake Deprecation Warning at CMakeLists.txt:1 (cmake_minimum_required):
[0.047s]   Compatibility with CMake < 3.5 will be removed from a future version of
[0.047s]   CMake.
[0.047s] 
[0.047s]   Update the VERSION argument <min> value or use a ...<max> suffix to tell
[0.048s]   CMake that the project does not need compatibility with older versions.
[0.048s] 
[0.048s] [0m
[0.216s] -- The C compiler identification is GNU 13.3.0
[0.396s] -- The CXX compiler identification is GNU 13.3.0
[0.429s] -- Detecting C compiler ABI info
[0.678s] -- Detecting C compiler ABI info - done
[0.693s] -- Check for working C compiler: /usr/bin/cc - skipped
[0.693s] -- Detecting C compile features
[0.695s] -- Detecting C compile features - done
[0.716s] -- Detecting CXX compiler ABI info
[0.972s] -- Detecting CXX compiler ABI info - done
[0.991s] -- Check for working CXX compiler: /usr/bin/c++ - skipped
[0.992s] -- Detecting CXX compile features
[0.992s] -- Detecting CXX compile features - done
[0.998s] -- Configuring done (0.9s)
[1.004s] -- Generating done (0.0s)
[1.007s] -- Build files have been written to: /home/jjb/ros2_ws/build/unitree_lidar_sdk
[1.017s] Invoked command in '/home/jjb/ros2_ws/build/unitree_lidar_sdk' returned '0': /usr/bin/cmake /home/jjb/ros2_ws/src/unilidar_sdk/unitree_lidar_sdk -DCMAKE_INSTALL_PREFIX=/home/jjb/ros2_ws/install/unitree_lidar_sdk
[1.018s] Invoking command in '/home/jjb/ros2_ws/build/unitree_lidar_sdk': /usr/bin/cmake --build /home/jjb/ros2_ws/build/unitree_lidar_sdk -- -j4 -l4
[1.161s] [ 12%] [32mBuilding CXX object CMakeFiles/unilidar_subscriber_udp.dir/examples/unilidar_subscriber_udp.cpp.o[0m
[1.167s] [ 50%] [32mBuilding CXX object CMakeFiles/unilidar_publisher_udp.dir/examples/unilidar_publisher_udp.cpp.o[0m
[1.167s] [ 50%] [32mBuilding CXX object CMakeFiles/example_lidar_udp.dir/examples/example_lidar_udp.cpp.o[0m
[1.175s] [ 50%] [32mBuilding CXX object CMakeFiles/example_lidar.dir/examples/example_lidar.cpp.o[0m
[2.567s] [ 62%] [32m[1mLinking CXX executable /home/jjb/ros2_ws/src/unilidar_sdk/unitree_lidar_sdk/bin/example_lidar[0m
[2.917s] [ 75%] [32m[1mLinking CXX executable /home/jjb/ros2_ws/src/unilidar_sdk/unitree_lidar_sdk/bin/unilidar_publisher_udp[0m
[2.966s] [ 75%] Built target example_lidar
[3.161s] [ 87%] [32m[1mLinking CXX executable /home/jjb/ros2_ws/src/unilidar_sdk/unitree_lidar_sdk/bin/unilidar_subscriber_udp[0m
[3.310s] [100%] [32m[1mLinking CXX executable /home/jjb/ros2_ws/src/unilidar_sdk/unitree_lidar_sdk/bin/example_lidar_udp[0m
[3.377s] [100%] Built target unilidar_publisher_udp
[3.379s] [100%] Built target unilidar_subscriber_udp
[3.560s] [100%] Built target example_lidar_udp
[3.583s] Invoked command in '/home/jjb/ros2_ws/build/unitree_lidar_sdk' returned '0': /usr/bin/cmake --build /home/jjb/ros2_ws/build/unitree_lidar_sdk -- -j4 -l4
