[0.005s] Invoking command in '/home/jjb/ros2_ws/build/examples_rclcpp_minimal_composition': CMAKE_PREFIX_PATH=${CMAKE_PREFIX_PATH}:/opt/ros/jazzy /usr/bin/cmake /home/jjb/ros2_ws/src/examples/rclcpp/composition/minimal_composition -DAMENT_CMAKE_SYMLINK_INSTALL=1 -DCMAKE_INSTALL_PREFIX=/home/jjb/ros2_ws/install/examples_rclcpp_minimal_composition
[0.291s] -- The C compiler identification is GNU 13.3.0
[0.636s] -- The CXX compiler identification is GNU 13.3.0
[0.739s] -- Detecting C compiler ABI info
[1.233s] -- Detecting C compiler ABI info - done
[1.275s] -- Check for working C compiler: /usr/bin/cc - skipped
[1.280s] -- Detecting C compile features
[1.282s] -- Detecting C compile features - done
[1.334s] -- Detecting CXX compiler ABI info
[1.918s] -- Detecting CXX compiler ABI info - done
[1.954s] -- Check for working CXX compiler: /usr/bin/c++ - skipped
[1.955s] -- Detecting CXX compile features
[1.956s] -- Detecting CXX compile features - done
[1.963s] -- Found ament_cmake: 2.5.5 (/opt/ros/jazzy/share/ament_cmake/cmake)
[2.696s] -- Found Python3: /usr/bin/python3 (found version "3.12.3") found components: Interpreter 
[3.149s] -- Override CMake install command with custom implementation using symlinks instead of copying resources
[3.247s] -- Found rclcpp: 28.1.16 (/opt/ros/jazzy/share/rclcpp/cmake)
[3.390s] -- Found rosidl_generator_c: 4.6.7 (/opt/ros/jazzy/share/rosidl_generator_c/cmake)
[3.421s] -- Found rosidl_generator_cpp: 4.6.7 (/opt/ros/jazzy/share/rosidl_generator_cpp/cmake)
[3.456s] -- Using all available rosidl_typesupport_c: rosidl_typesupport_fastrtps_c;rosidl_typesupport_introspection_c
[3.492s] -- Using all available rosidl_typesupport_cpp: rosidl_typesupport_fastrtps_cpp;rosidl_typesupport_introspection_cpp
[3.715s] -- Found rmw_implementation_cmake: 7.3.3 (/opt/ros/jazzy/share/rmw_implementation_cmake/cmake)
[3.724s] -- Found rmw_fastrtps_cpp: 8.4.3 (/opt/ros/jazzy/share/rmw_fastrtps_cpp/cmake)
[4.089s] -- Found OpenSSL: /usr/lib/aarch64-linux-gnu/libcrypto.so (found version "3.0.13")  
[4.174s] -- Found FastRTPS: /opt/ros/jazzy/include (Required is at least version "2.13") 
[4.278s] -- Using RMW implementation 'rmw_fastrtps_cpp' as default
[4.498s] -- Found rclcpp_components: 28.1.16 (/opt/ros/jazzy/share/rclcpp_components/cmake)
[4.679s] -- Found std_msgs: 5.3.6 (/opt/ros/jazzy/share/std_msgs/cmake)
[4.765s] -- Found ament_lint_auto: 0.17.4 (/opt/ros/jazzy/share/ament_lint_auto/cmake)
[5.426s] -- Added test 'copyright' to check source files copyright and LICENSE
[5.436s] -- Added test 'cppcheck' to perform static code analysis on C / C++ code
[5.439s] -- Configured cppcheck include dirs: /home/jjb/ros2_ws/src/examples/rclcpp/composition/minimal_composition/include
[5.439s] -- Configured cppcheck exclude dirs and/or files: 
[5.444s] -- Added test 'cpplint' to check C / C++ code against the Google style
[5.444s] -- Configured cpplint exclude dirs and/or files: 
[5.445s] -- Added test 'lint_cmake' to check CMake code style
[5.452s] -- Added test 'uncrustify' to check C / C++ code style
[5.452s] -- Configured uncrustify additional arguments: 
[5.452s] -- Added test 'xmllint' to check XML markup files
[5.458s] -- Configuring done (5.4s)
[5.573s] -- Generating done (0.1s)
[5.614s] -- Build files have been written to: /home/jjb/ros2_ws/build/examples_rclcpp_minimal_composition
[5.683s] Invoked command in '/home/jjb/ros2_ws/build/examples_rclcpp_minimal_composition' returned '0': CMAKE_PREFIX_PATH=${CMAKE_PREFIX_PATH}:/opt/ros/jazzy /usr/bin/cmake /home/jjb/ros2_ws/src/examples/rclcpp/composition/minimal_composition -DAMENT_CMAKE_SYMLINK_INSTALL=1 -DCMAKE_INSTALL_PREFIX=/home/jjb/ros2_ws/install/examples_rclcpp_minimal_composition
[5.684s] Invoking command in '/home/jjb/ros2_ws/build/examples_rclcpp_minimal_composition': CMAKE_PREFIX_PATH=${CMAKE_PREFIX_PATH}:/opt/ros/jazzy /usr/bin/cmake --build /home/jjb/ros2_ws/build/examples_rclcpp_minimal_composition -- -j4 -l4
[5.934s] [ 11%] [32mBuilding CXX object CMakeFiles/composition_nodes.dir/src/publisher_node.cpp.o[0m
[27.330s] [ 22%] [32mBuilding CXX object CMakeFiles/composition_nodes.dir/src/subscriber_node.cpp.o[0m
[46.715s] [ 33%] [32m[1mLinking CXX shared library libcomposition_nodes.so[0m
[48.534s] [ 33%] Built target composition_nodes
[48.587s] [ 44%] [32mBuilding CXX object CMakeFiles/composition_publisher.dir/src/standalone_publisher.cpp.o[0m
[56.184s] [ 55%] [32m[1mLinking CXX executable composition_publisher[0m
[57.027s] [ 55%] Built target composition_publisher
[57.080s] [ 66%] [32mBuilding CXX object CMakeFiles/composition_composed.dir/src/composed.cpp.o[0m
[64.221s] [ 77%] [32m[1mLinking CXX executable composition_composed[0m
[65.080s] [ 77%] Built target composition_composed
[65.129s] [ 88%] [32mBuilding CXX object CMakeFiles/composition_subscriber.dir/src/standalone_subscriber.cpp.o[0m
[72.497s] [100%] [32m[1mLinking CXX executable composition_subscriber[0m
[73.495s] [100%] Built target composition_subscriber
[73.520s] Invoked command in '/home/jjb/ros2_ws/build/examples_rclcpp_minimal_composition' returned '0': CMAKE_PREFIX_PATH=${CMAKE_PREFIX_PATH}:/opt/ros/jazzy /usr/bin/cmake --build /home/jjb/ros2_ws/build/examples_rclcpp_minimal_composition -- -j4 -l4
[73.523s] Invoking command in '/home/jjb/ros2_ws/build/examples_rclcpp_minimal_composition': CMAKE_PREFIX_PATH=${CMAKE_PREFIX_PATH}:/opt/ros/jazzy /usr/bin/cmake --install /home/jjb/ros2_ws/build/examples_rclcpp_minimal_composition
[73.543s] -- Install configuration: ""
[73.545s] -- Execute custom install script
[73.546s] -- Symlinking: /home/jjb/ros2_ws/install/examples_rclcpp_minimal_composition/share/examples_rclcpp_minimal_composition/environment/library_path.sh
[73.572s] -- Symlinking: /home/jjb/ros2_ws/install/examples_rclcpp_minimal_composition/share/examples_rclcpp_minimal_composition/environment/library_path.dsv
[73.602s] -- Symlinking: /home/jjb/ros2_ws/install/examples_rclcpp_minimal_composition/lib/libcomposition_nodes.so
[73.627s] -- Symlinking: /home/jjb/ros2_ws/install/examples_rclcpp_minimal_composition/lib/examples_rclcpp_minimal_composition/composition_publisher
[73.653s] -- Symlinking: /home/jjb/ros2_ws/install/examples_rclcpp_minimal_composition/lib/examples_rclcpp_minimal_composition/composition_subscriber
[73.677s] -- Symlinking: /home/jjb/ros2_ws/install/examples_rclcpp_minimal_composition/lib/examples_rclcpp_minimal_composition/composition_composed
[73.701s] -- Symlinking: /home/jjb/ros2_ws/install/examples_rclcpp_minimal_composition/share/ament_index/resource_index/package_run_dependencies/examples_rclcpp_minimal_composition
[73.723s] -- Symlinking: /home/jjb/ros2_ws/install/examples_rclcpp_minimal_composition/share/ament_index/resource_index/parent_prefix_path/examples_rclcpp_minimal_composition
[73.750s] -- Symlinking: /home/jjb/ros2_ws/install/examples_rclcpp_minimal_composition/share/examples_rclcpp_minimal_composition/environment/ament_prefix_path.sh
[73.780s] -- Symlinking: /home/jjb/ros2_ws/install/examples_rclcpp_minimal_composition/share/examples_rclcpp_minimal_composition/environment/ament_prefix_path.dsv
[73.802s] -- Symlinking: /home/jjb/ros2_ws/install/examples_rclcpp_minimal_composition/share/examples_rclcpp_minimal_composition/environment/path.sh
[73.825s] -- Symlinking: /home/jjb/ros2_ws/install/examples_rclcpp_minimal_composition/share/examples_rclcpp_minimal_composition/environment/path.dsv
[73.847s] -- Symlinking: /home/jjb/ros2_ws/install/examples_rclcpp_minimal_composition/share/examples_rclcpp_minimal_composition/local_setup.bash
[73.870s] -- Symlinking: /home/jjb/ros2_ws/install/examples_rclcpp_minimal_composition/share/examples_rclcpp_minimal_composition/local_setup.sh
[73.891s] -- Symlinking: /home/jjb/ros2_ws/install/examples_rclcpp_minimal_composition/share/examples_rclcpp_minimal_composition/local_setup.zsh
[73.918s] -- Symlinking: /home/jjb/ros2_ws/install/examples_rclcpp_minimal_composition/share/examples_rclcpp_minimal_composition/local_setup.dsv
[73.943s] -- Symlinking: /home/jjb/ros2_ws/install/examples_rclcpp_minimal_composition/share/examples_rclcpp_minimal_composition/package.dsv
[73.965s] -- Symlinking: /home/jjb/ros2_ws/install/examples_rclcpp_minimal_composition/share/ament_index/resource_index/packages/examples_rclcpp_minimal_composition
[73.987s] -- Symlinking: /home/jjb/ros2_ws/install/examples_rclcpp_minimal_composition/share/examples_rclcpp_minimal_composition/cmake/examples_rclcpp_minimal_compositionConfig.cmake
[74.010s] -- Symlinking: /home/jjb/ros2_ws/install/examples_rclcpp_minimal_composition/share/examples_rclcpp_minimal_composition/cmake/examples_rclcpp_minimal_compositionConfig-version.cmake
[74.036s] -- Symlinking: /home/jjb/ros2_ws/install/examples_rclcpp_minimal_composition/share/examples_rclcpp_minimal_composition/package.xml
[74.060s] Invoked command in '/home/jjb/ros2_ws/build/examples_rclcpp_minimal_composition' returned '0': CMAKE_PREFIX_PATH=${CMAKE_PREFIX_PATH}:/opt/ros/jazzy /usr/bin/cmake --install /home/jjb/ros2_ws/build/examples_rclcpp_minimal_composition
