[1.706s] Invoking command in '/home/jjb/ros2_ws/build/examples_rclpy_pointcloud_publisher': PYTHONPATH=/home/jjb/ros2_ws/build/examples_rclpy_pointcloud_publisher/prefix_override:/usr/lib/python3/dist-packages/colcon_core/task/python/colcon_distutils_commands:/home/jjb/ros2_ws/install/examples_rclpy_pointcloud_publisher/lib/python3.12/site-packages:${PYTHONPATH} /usr/bin/python3 -W ignore:setup.py install is deprecated -W ignore:easy_install command is deprecated setup.py develop --editable --build-directory /home/jjb/ros2_ws/build/examples_rclpy_pointcloud_publisher/build --no-deps symlink_data
[2.291s] running develop
[2.642s] running egg_info
[2.643s] creating examples_rclpy_pointcloud_publisher.egg-info
[2.674s] writing examples_rclpy_pointcloud_publisher.egg-info/PKG-INFO
[2.675s] writing dependency_links to examples_rclpy_pointcloud_publisher.egg-info/dependency_links.txt
[2.675s] writing entry points to examples_rclpy_pointcloud_publisher.egg-info/entry_points.txt
[2.678s] writing requirements to examples_rclpy_pointcloud_publisher.egg-info/requires.txt
[2.678s] writing top-level names to examples_rclpy_pointcloud_publisher.egg-info/top_level.txt
[2.678s] writing manifest file 'examples_rclpy_pointcloud_publisher.egg-info/SOURCES.txt'
[2.740s] reading manifest file 'examples_rclpy_pointcloud_publisher.egg-info/SOURCES.txt'
[2.742s] writing manifest file 'examples_rclpy_pointcloud_publisher.egg-info/SOURCES.txt'
[2.775s] running build_ext
[2.775s] Creating /home/jjb/ros2_ws/install/examples_rclpy_pointcloud_publisher/lib/python3.12/site-packages/examples-rclpy-pointcloud-publisher.egg-link (link to .)
[2.777s] Installing pointcloud_publisher script to /home/jjb/ros2_ws/install/examples_rclpy_pointcloud_publisher/lib/examples_rclpy_pointcloud_publisher
[2.780s] 
[2.781s] Installed /home/jjb/ros2_ws/build/examples_rclpy_pointcloud_publisher
[2.781s] running symlink_data
[2.781s] creating /home/jjb/ros2_ws/install/examples_rclpy_pointcloud_publisher/share/ament_index
[2.781s] creating /home/jjb/ros2_ws/install/examples_rclpy_pointcloud_publisher/share/ament_index/resource_index
[2.782s] creating /home/jjb/ros2_ws/install/examples_rclpy_pointcloud_publisher/share/ament_index/resource_index/packages
[2.782s] symbolically linking /home/jjb/ros2_ws/build/examples_rclpy_pointcloud_publisher/resource/examples_rclpy_pointcloud_publisher -> /home/jjb/ros2_ws/install/examples_rclpy_pointcloud_publisher/share/ament_index/resource_index/packages
[2.782s] symbolically linking /home/jjb/ros2_ws/build/examples_rclpy_pointcloud_publisher/package.xml -> /home/jjb/ros2_ws/install/examples_rclpy_pointcloud_publisher/share/examples_rclpy_pointcloud_publisher
[2.910s] Invoked command in '/home/jjb/ros2_ws/build/examples_rclpy_pointcloud_publisher' returned '0': PYTHONPATH=/home/jjb/ros2_ws/build/examples_rclpy_pointcloud_publisher/prefix_override:/usr/lib/python3/dist-packages/colcon_core/task/python/colcon_distutils_commands:/home/jjb/ros2_ws/install/examples_rclpy_pointcloud_publisher/lib/python3.12/site-packages:${PYTHONPATH} /usr/bin/python3 -W ignore:setup.py install is deprecated -W ignore:easy_install command is deprecated setup.py develop --editable --build-directory /home/jjb/ros2_ws/build/examples_rclpy_pointcloud_publisher/build --no-deps symlink_data
