[0.030s] Invoking command in '/home/jjb/ros2_ws/build/examples_rclcpp_cbg_executor': CMAKE_PREFIX_PATH=${CMAKE_PREFIX_PATH}:/opt/ros/jazzy /usr/bin/cmake /home/jjb/ros2_ws/src/examples/rclcpp/executors/cbg_executor -DAMENT_CMAKE_SYMLINK_INSTALL=1 -DCMAKE_INSTALL_PREFIX=/home/jjb/ros2_ws/install/examples_rclcpp_cbg_executor
[0.736s] -- The C compiler identification is GNU 13.3.0
[1.221s] -- The CXX compiler identification is GNU 13.3.0
[1.276s] -- Detecting C compiler ABI info
[1.562s] -- Detecting C compiler ABI info - done
[1.575s] -- Check for working C compiler: /usr/bin/cc - skipped
[1.580s] -- Detecting C compile features
[1.582s] -- Detecting C compile features - done
[1.608s] -- Detecting CXX compiler ABI info
[1.868s] -- Detecting CXX compiler ABI info - done
[1.882s] -- Check for working CXX compiler: /usr/bin/c++ - skipped
[1.882s] -- Detecting CXX compile features
[1.884s] -- Detecting CXX compile features - done
[1.894s] -- Found ament_cmake: 2.5.5 (/opt/ros/jazzy/share/ament_cmake/cmake)
[2.279s] -- Found Python3: /usr/bin/python3 (found version "3.12.3") found components: Interpreter 
[2.526s] -- Override CMake install command with custom implementation using symlinks instead of copying resources
[2.596s] -- Found rclcpp: 28.1.16 (/opt/ros/jazzy/share/rclcpp/cmake)
[2.692s] -- Found rosidl_generator_c: 4.6.7 (/opt/ros/jazzy/share/rosidl_generator_c/cmake)
[2.717s] -- Found rosidl_generator_cpp: 4.6.7 (/opt/ros/jazzy/share/rosidl_generator_cpp/cmake)
[2.754s] -- Using all available rosidl_typesupport_c: rosidl_typesupport_fastrtps_c;rosidl_typesupport_introspection_c
[2.790s] -- Using all available rosidl_typesupport_cpp: rosidl_typesupport_fastrtps_cpp;rosidl_typesupport_introspection_cpp
[2.949s] -- Found rmw_implementation_cmake: 7.3.3 (/opt/ros/jazzy/share/rmw_implementation_cmake/cmake)
[2.956s] -- Found rmw_fastrtps_cpp: 8.4.3 (/opt/ros/jazzy/share/rmw_fastrtps_cpp/cmake)
[3.116s] -- Found OpenSSL: /usr/lib/aarch64-linux-gnu/libcrypto.so (found version "3.0.13")  
[3.150s] -- Found FastRTPS: /opt/ros/jazzy/include (Required is at least version "2.13") 
[3.186s] -- Using RMW implementation 'rmw_fastrtps_cpp' as default
[3.348s] -- Found std_msgs: 5.3.6 (/opt/ros/jazzy/share/std_msgs/cmake)
[3.391s] -- Found ament_lint_auto: 0.17.4 (/opt/ros/jazzy/share/ament_lint_auto/cmake)
[3.587s] -- Added test 'copyright' to check source files copyright and LICENSE
[3.590s] -- Added test 'cppcheck' to perform static code analysis on C / C++ code
[3.590s] -- Configured cppcheck include dirs: /home/jjb/ros2_ws/src/examples/rclcpp/executors/cbg_executor/include
[3.590s] -- Configured cppcheck exclude dirs and/or files: 
[3.593s] -- Added test 'cpplint' to check C / C++ code against the Google style
[3.593s] -- Configured cpplint exclude dirs and/or files: 
[3.594s] -- Added test 'lint_cmake' to check CMake code style
[3.597s] -- Added test 'uncrustify' to check C / C++ code style
[3.597s] -- Configured uncrustify additional arguments: 
[3.599s] -- Added test 'xmllint' to check XML markup files
[3.603s] -- Configuring done (3.4s)
[3.631s] -- Generating done (0.0s)
[3.640s] -- Build files have been written to: /home/jjb/ros2_ws/build/examples_rclcpp_cbg_executor
