[2.557s] Invoking command in '/home/jjb/ros2_ws/build/examples_rclpy_executors': PYTHONPATH=/home/jjb/ros2_ws/build/examples_rclpy_executors/prefix_override:/usr/lib/python3/dist-packages/colcon_core/task/python/colcon_distutils_commands:/home/jjb/ros2_ws/install/examples_rclpy_executors/lib/python3.12/site-packages:${PYTHONPATH} /usr/bin/python3 -W ignore:setup.py install is deprecated -W ignore:easy_install command is deprecated setup.py develop --editable --build-directory /home/jjb/ros2_ws/build/examples_rclpy_executors/build --no-deps symlink_data
[3.311s] running develop
[3.717s] running egg_info
[3.719s] creating examples_rclpy_executors.egg-info
[3.764s] writing examples_rclpy_executors.egg-info/PKG-INFO
[3.766s] writing dependency_links to examples_rclpy_executors.egg-info/dependency_links.txt
[3.768s] writing entry points to examples_rclpy_executors.egg-info/entry_points.txt
[3.768s] writing requirements to examples_rclpy_executors.egg-info/requires.txt
[3.769s] writing top-level names to examples_rclpy_executors.egg-info/top_level.txt
[3.769s] writing manifest file 'examples_rclpy_executors.egg-info/SOURCES.txt'
[3.864s] reading manifest file 'examples_rclpy_executors.egg-info/SOURCES.txt'
[3.870s] writing manifest file 'examples_rclpy_executors.egg-info/SOURCES.txt'
[3.919s] running build_ext
[3.919s] Creating /home/jjb/ros2_ws/install/examples_rclpy_executors/lib/python3.12/site-packages/examples-rclpy-executors.egg-link (link to .)
[3.921s] Installing callback_group script to /home/jjb/ros2_ws/install/examples_rclpy_executors/lib/examples_rclpy_executors
[3.923s] Installing composed script to /home/jjb/ros2_ws/install/examples_rclpy_executors/lib/examples_rclpy_executors
[3.923s] Installing custom_callback_group script to /home/jjb/ros2_ws/install/examples_rclpy_executors/lib/examples_rclpy_executors
[3.924s] Installing custom_executor script to /home/jjb/ros2_ws/install/examples_rclpy_executors/lib/examples_rclpy_executors
[3.924s] Installing listener script to /home/jjb/ros2_ws/install/examples_rclpy_executors/lib/examples_rclpy_executors
[3.924s] Installing talker script to /home/jjb/ros2_ws/install/examples_rclpy_executors/lib/examples_rclpy_executors
[3.924s] 
[3.924s] Installed /home/jjb/ros2_ws/build/examples_rclpy_executors
[3.925s] running symlink_data
[3.926s] creating /home/jjb/ros2_ws/install/examples_rclpy_executors/share/ament_index
[3.926s] creating /home/jjb/ros2_ws/install/examples_rclpy_executors/share/ament_index/resource_index
[3.927s] creating /home/jjb/ros2_ws/install/examples_rclpy_executors/share/ament_index/resource_index/packages
[3.927s] symbolically linking /home/jjb/ros2_ws/build/examples_rclpy_executors/resource/examples_rclpy_executors -> /home/jjb/ros2_ws/install/examples_rclpy_executors/share/ament_index/resource_index/packages
[3.927s] symbolically linking /home/jjb/ros2_ws/build/examples_rclpy_executors/package.xml -> /home/jjb/ros2_ws/install/examples_rclpy_executors/share/examples_rclpy_executors
[4.084s] Invoked command in '/home/jjb/ros2_ws/build/examples_rclpy_executors' returned '0': PYTHONPATH=/home/jjb/ros2_ws/build/examples_rclpy_executors/prefix_override:/usr/lib/python3/dist-packages/colcon_core/task/python/colcon_distutils_commands:/home/jjb/ros2_ws/install/examples_rclpy_executors/lib/python3.12/site-packages:${PYTHONPATH} /usr/bin/python3 -W ignore:setup.py install is deprecated -W ignore:easy_install command is deprecated setup.py develop --editable --build-directory /home/jjb/ros2_ws/build/examples_rclpy_executors/build --no-deps symlink_data
