[1.716s] Invoking command in '/home/jjb/ros2_ws/build/examples_rclpy_minimal_action_server': PYTHONPATH=/home/jjb/ros2_ws/build/examples_rclpy_minimal_action_server/prefix_override:/usr/lib/python3/dist-packages/colcon_core/task/python/colcon_distutils_commands:/home/jjb/ros2_ws/install/examples_rclpy_minimal_action_server/lib/python3.12/site-packages:${PYTHONPATH} /usr/bin/python3 -W ignore:setup.py install is deprecated -W ignore:easy_install command is deprecated setup.py develop --editable --build-directory /home/jjb/ros2_ws/build/examples_rclpy_minimal_action_server/build --no-deps symlink_data
[2.446s] running develop
[2.743s] running egg_info
[2.743s] creating examples_rclpy_minimal_action_server.egg-info
[2.767s] writing examples_rclpy_minimal_action_server.egg-info/PKG-INFO
[2.768s] writing dependency_links to examples_rclpy_minimal_action_server.egg-info/dependency_links.txt
[2.769s] writing entry points to examples_rclpy_minimal_action_server.egg-info/entry_points.txt
[2.770s] writing requirements to examples_rclpy_minimal_action_server.egg-info/requires.txt
[2.771s] writing top-level names to examples_rclpy_minimal_action_server.egg-info/top_level.txt
[2.772s] writing manifest file 'examples_rclpy_minimal_action_server.egg-info/SOURCES.txt'
[2.830s] reading manifest file 'examples_rclpy_minimal_action_server.egg-info/SOURCES.txt'
[2.830s] writing manifest file 'examples_rclpy_minimal_action_server.egg-info/SOURCES.txt'
[2.860s] running build_ext
[2.861s] Creating /home/jjb/ros2_ws/install/examples_rclpy_minimal_action_server/lib/python3.12/site-packages/examples-rclpy-minimal-action-server.egg-link (link to .)
[2.863s] Installing server script to /home/jjb/ros2_ws/install/examples_rclpy_minimal_action_server/lib/examples_rclpy_minimal_action_server
[2.864s] Installing server_defer script to /home/jjb/ros2_ws/install/examples_rclpy_minimal_action_server/lib/examples_rclpy_minimal_action_server
[2.864s] Installing server_not_composable script to /home/jjb/ros2_ws/install/examples_rclpy_minimal_action_server/lib/examples_rclpy_minimal_action_server
[2.865s] Installing server_queue_goals script to /home/jjb/ros2_ws/install/examples_rclpy_minimal_action_server/lib/examples_rclpy_minimal_action_server
[2.866s] Installing server_single_goal script to /home/jjb/ros2_ws/install/examples_rclpy_minimal_action_server/lib/examples_rclpy_minimal_action_server
[2.866s] 
[2.867s] Installed /home/jjb/ros2_ws/build/examples_rclpy_minimal_action_server
[2.867s] running symlink_data
[2.868s] creating /home/jjb/ros2_ws/install/examples_rclpy_minimal_action_server/share/ament_index
[2.868s] creating /home/jjb/ros2_ws/install/examples_rclpy_minimal_action_server/share/ament_index/resource_index
[2.869s] creating /home/jjb/ros2_ws/install/examples_rclpy_minimal_action_server/share/ament_index/resource_index/packages
[2.869s] symbolically linking /home/jjb/ros2_ws/build/examples_rclpy_minimal_action_server/resource/examples_rclpy_minimal_action_server -> /home/jjb/ros2_ws/install/examples_rclpy_minimal_action_server/share/ament_index/resource_index/packages
[2.872s] symbolically linking /home/jjb/ros2_ws/build/examples_rclpy_minimal_action_server/package.xml -> /home/jjb/ros2_ws/install/examples_rclpy_minimal_action_server/share/examples_rclpy_minimal_action_server
[3.006s] Invoked command in '/home/jjb/ros2_ws/build/examples_rclpy_minimal_action_server' returned '0': PYTHONPATH=/home/jjb/ros2_ws/build/examples_rclpy_minimal_action_server/prefix_override:/usr/lib/python3/dist-packages/colcon_core/task/python/colcon_distutils_commands:/home/jjb/ros2_ws/install/examples_rclpy_minimal_action_server/lib/python3.12/site-packages:${PYTHONPATH} /usr/bin/python3 -W ignore:setup.py install is deprecated -W ignore:easy_install command is deprecated setup.py develop --editable --build-directory /home/jjb/ros2_ws/build/examples_rclpy_minimal_action_server/build --no-deps symlink_data
