[0.015s] Invoking command in '/home/jjb/ros2_ws/build/examples_rclcpp_wait_set': CMAKE_PREFIX_PATH=${CMAKE_PREFIX_PATH}:/opt/ros/jazzy /usr/bin/cmake /home/jjb/ros2_ws/src/examples/rclcpp/wait_set -DAMENT_CMAKE_SYMLINK_INSTALL=1 -DCMAKE_INSTALL_PREFIX=/home/jjb/ros2_ws/install/examples_rclcpp_wait_set
[0.168s] -- The C compiler identification is GNU 13.3.0
[0.312s] -- The CXX compiler identification is GNU 13.3.0
[0.356s] -- Detecting C compiler ABI info
[0.593s] -- Detecting C compiler ABI info - done
[0.612s] -- Check for working C compiler: /usr/bin/cc - skipped
[0.614s] -- Detecting C compile features
[0.615s] -- Detecting C compile features - done
[0.637s] -- Detecting CXX compiler ABI info
[0.898s] -- Detecting CXX compiler ABI info - done
[0.919s] -- Check for working CXX compiler: /usr/bin/c++ - skipped
[0.920s] -- Detecting CXX compile features
[0.922s] -- Detecting CXX compile features - done
[0.930s] -- Found ament_cmake: 2.5.5 (/opt/ros/jazzy/share/ament_cmake/cmake)
[1.326s] -- Found Python3: /usr/bin/python3 (found version "3.12.3") found components: Interpreter 
[1.562s] -- Override CMake install command with custom implementation using symlinks instead of copying resources
[1.613s] -- Found example_interfaces: 0.12.0 (/opt/ros/jazzy/share/example_interfaces/cmake)
[1.685s] -- Found rosidl_generator_c: 4.6.7 (/opt/ros/jazzy/share/rosidl_generator_c/cmake)
[1.710s] -- Found rosidl_generator_cpp: 4.6.7 (/opt/ros/jazzy/share/rosidl_generator_cpp/cmake)
[1.744s] -- Using all available rosidl_typesupport_c: rosidl_typesupport_fastrtps_c;rosidl_typesupport_introspection_c
[1.781s] -- Using all available rosidl_typesupport_cpp: rosidl_typesupport_fastrtps_cpp;rosidl_typesupport_introspection_cpp
[1.960s] -- Found rclcpp: 28.1.16 (/opt/ros/jazzy/share/rclcpp/cmake)
[2.051s] -- Found rmw_implementation_cmake: 7.3.3 (/opt/ros/jazzy/share/rmw_implementation_cmake/cmake)
[2.057s] -- Found rmw_fastrtps_cpp: 8.4.3 (/opt/ros/jazzy/share/rmw_fastrtps_cpp/cmake)
[2.252s] -- Found OpenSSL: /usr/lib/aarch64-linux-gnu/libcrypto.so (found version "3.0.13")  
[2.286s] -- Found FastRTPS: /opt/ros/jazzy/include (Required is at least version "2.13") 
[2.340s] -- Using RMW implementation 'rmw_fastrtps_cpp' as default
[2.487s] -- Found rclcpp_components: 28.1.16 (/opt/ros/jazzy/share/rclcpp_components/cmake)
[2.557s] -- Found std_msgs: 5.3.6 (/opt/ros/jazzy/share/std_msgs/cmake)
[2.614s] -- Found ament_lint_auto: 0.17.4 (/opt/ros/jazzy/share/ament_lint_auto/cmake)
[2.937s] -- Added test 'copyright' to check source files copyright and LICENSE
[2.941s] -- Added test 'cppcheck' to perform static code analysis on C / C++ code
[2.944s] -- Configured cppcheck include dirs: /home/jjb/ros2_ws/src/examples/rclcpp/wait_set/include
[2.944s] -- Configured cppcheck exclude dirs and/or files: 
[2.947s] -- Added test 'cpplint' to check C / C++ code against the Google style
[2.951s] -- Configured cpplint exclude dirs and/or files: 
[2.952s] -- Added test 'lint_cmake' to check CMake code style
[2.956s] -- Added test 'uncrustify' to check C / C++ code style
[2.956s] -- Configured uncrustify additional arguments: 
[2.959s] -- Added test 'xmllint' to check XML markup files
[2.965s] -- Configuring done (2.9s)
[3.101s] -- Generating done (0.1s)
[3.151s] -- Build files have been written to: /home/jjb/ros2_ws/build/examples_rclcpp_wait_set
[3.192s] Invoked command in '/home/jjb/ros2_ws/build/examples_rclcpp_wait_set' returned '0': CMAKE_PREFIX_PATH=${CMAKE_PREFIX_PATH}:/opt/ros/jazzy /usr/bin/cmake /home/jjb/ros2_ws/src/examples/rclcpp/wait_set -DAMENT_CMAKE_SYMLINK_INSTALL=1 -DCMAKE_INSTALL_PREFIX=/home/jjb/ros2_ws/install/examples_rclcpp_wait_set
[3.195s] Invoking command in '/home/jjb/ros2_ws/build/examples_rclcpp_wait_set': CMAKE_PREFIX_PATH=${CMAKE_PREFIX_PATH}:/opt/ros/jazzy /usr/bin/cmake --build /home/jjb/ros2_ws/build/examples_rclcpp_wait_set -- -j4 -l4
[3.327s] [  4%] [32mBuilding CXX object CMakeFiles/talker.dir/src/talker.cpp.o[0m
[15.419s] [  8%] [32m[1mLinking CXX shared library libtalker.so[0m
[16.005s] [  8%] Built target talker
[16.052s] [ 12%] [32mBuilding CXX object CMakeFiles/wait_set_listener.dir/rclcpp_components/node_main_wait_set_listener.cpp.o[0m
[24.472s] [ 16%] [32m[1mLinking CXX executable wait_set_listener[0m
[24.829s] [ 16%] Built target wait_set_listener
[24.872s] [ 20%] [32mBuilding CXX object CMakeFiles/wait_set.dir/src/wait_set.cpp.o[0m
[47.930s] [ 25%] [32m[1mLinking CXX executable wait_set[0m
[48.877s] [ 25%] Built target wait_set
[48.913s] [ 29%] [32mBuilding CXX object CMakeFiles/static_wait_set.dir/src/static_wait_set.cpp.o[0m
[55.955s] [ 33%] [32mBuilding CXX object CMakeFiles/thread_safe_wait_set.dir/src/thread_safe_wait_set.cpp.o[0m
[57.038s] [ 37%] [32mBuilding CXX object CMakeFiles/listener.dir/src/listener.cpp.o[0m
[58.094s] [ 41%] [32mBuilding CXX object CMakeFiles/wait_set_talker.dir/rclcpp_components/node_main_wait_set_talker.cpp.o[0m
[73.563s] [ 45%] [32m[1mLinking CXX executable wait_set_talker[0m
[74.325s] [ 45%] Built target wait_set_talker
[75.828s] [ 50%] [32m[1mLinking CXX executable static_wait_set[0m
[77.606s] [ 50%] Built target static_wait_set
[90.717s] [ 54%] [32m[1mLinking CXX executable thread_safe_wait_set[0m
[91.821s] [ 54%] Built target thread_safe_wait_set
[92.929s] [ 58%] [32m[1mLinking CXX shared library liblistener.so[0m
[93.852s] [ 58%] Built target listener
[93.889s] [ 62%] [32mBuilding CXX object CMakeFiles/executor_random_order.dir/src/executor_random_order.cpp.o[0m
[107.210s] [ 66%] [32m[1mLinking CXX executable executor_random_order[0m
[107.998s] [ 66%] Built target executor_random_order
[108.034s] [ 70%] [32mBuilding CXX object CMakeFiles/wait_set_topics_with_different_rates.dir/src/wait_set_topics_with_different_rates.cpp.o[0m
[121.907s] [ 75%] [32m[1mLinking CXX executable wait_set_topics_with_different_rates[0m
[122.768s] [ 75%] Built target wait_set_topics_with_different_rates
[122.806s] [ 79%] [32mBuilding CXX object CMakeFiles/wait_set_composed.dir/src/wait_set_composed.cpp.o[0m
[122.806s] [ 83%] [32mBuilding CXX object CMakeFiles/wait_set_random_order.dir/src/wait_set_random_order.cpp.o[0m
[128.111s] [ 87%] [32m[1mLinking CXX executable wait_set_composed[0m
[128.812s] [ 87%] Built target wait_set_composed
[128.848s] [ 91%] [32mBuilding CXX object CMakeFiles/wait_set_topics_and_timer.dir/src/wait_set_topics_and_timer.cpp.o[0m
[138.216s] [ 95%] [32m[1mLinking CXX executable wait_set_random_order[0m
[139.168s] [ 95%] Built target wait_set_random_order
[143.225s] [100%] [32m[1mLinking CXX executable wait_set_topics_and_timer[0m
[143.968s] [100%] Built target wait_set_topics_and_timer
[143.992s] Invoked command in '/home/jjb/ros2_ws/build/examples_rclcpp_wait_set' returned '0': CMAKE_PREFIX_PATH=${CMAKE_PREFIX_PATH}:/opt/ros/jazzy /usr/bin/cmake --build /home/jjb/ros2_ws/build/examples_rclcpp_wait_set -- -j4 -l4
[143.994s] Invoking command in '/home/jjb/ros2_ws/build/examples_rclcpp_wait_set': CMAKE_PREFIX_PATH=${CMAKE_PREFIX_PATH}:/opt/ros/jazzy /usr/bin/cmake --install /home/jjb/ros2_ws/build/examples_rclcpp_wait_set
[144.007s] -- Install configuration: ""
[144.007s] -- Execute custom install script
[144.008s] -- Symlinking: /home/jjb/ros2_ws/install/examples_rclcpp_wait_set/lib/examples_rclcpp_wait_set/wait_set_talker
[144.024s] -- Symlinking: /home/jjb/ros2_ws/install/examples_rclcpp_wait_set/lib/examples_rclcpp_wait_set/wait_set_listener
[144.040s] -- Symlinking: /home/jjb/ros2_ws/install/examples_rclcpp_wait_set/lib/libtalker.so
[144.056s] -- Symlinking: /home/jjb/ros2_ws/install/examples_rclcpp_wait_set/lib/liblistener.so
[144.073s] -- Symlinking: /home/jjb/ros2_ws/install/examples_rclcpp_wait_set/lib/examples_rclcpp_wait_set/wait_set
[144.090s] -- Symlinking: /home/jjb/ros2_ws/install/examples_rclcpp_wait_set/lib/examples_rclcpp_wait_set/static_wait_set
[144.106s] -- Symlinking: /home/jjb/ros2_ws/install/examples_rclcpp_wait_set/lib/examples_rclcpp_wait_set/thread_safe_wait_set
[144.121s] -- Symlinking: /home/jjb/ros2_ws/install/examples_rclcpp_wait_set/lib/examples_rclcpp_wait_set/wait_set_topics_and_timer
[144.137s] -- Symlinking: /home/jjb/ros2_ws/install/examples_rclcpp_wait_set/lib/examples_rclcpp_wait_set/wait_set_random_order
[144.153s] -- Symlinking: /home/jjb/ros2_ws/install/examples_rclcpp_wait_set/lib/examples_rclcpp_wait_set/executor_random_order
[144.168s] -- Symlinking: /home/jjb/ros2_ws/install/examples_rclcpp_wait_set/lib/examples_rclcpp_wait_set/wait_set_topics_with_different_rates
[144.185s] -- Symlinking: /home/jjb/ros2_ws/install/examples_rclcpp_wait_set/lib/examples_rclcpp_wait_set/wait_set_composed
[144.201s] -- Symlinking: /home/jjb/ros2_ws/install/examples_rclcpp_wait_set/share/ament_index/resource_index/package_run_dependencies/examples_rclcpp_wait_set
[144.218s] -- Symlinking: /home/jjb/ros2_ws/install/examples_rclcpp_wait_set/share/ament_index/resource_index/parent_prefix_path/examples_rclcpp_wait_set
[144.234s] -- Symlinking: /home/jjb/ros2_ws/install/examples_rclcpp_wait_set/share/examples_rclcpp_wait_set/environment/ament_prefix_path.sh
[144.250s] -- Symlinking: /home/jjb/ros2_ws/install/examples_rclcpp_wait_set/share/examples_rclcpp_wait_set/environment/ament_prefix_path.dsv
[144.267s] -- Symlinking: /home/jjb/ros2_ws/install/examples_rclcpp_wait_set/share/examples_rclcpp_wait_set/environment/path.sh
[144.283s] -- Symlinking: /home/jjb/ros2_ws/install/examples_rclcpp_wait_set/share/examples_rclcpp_wait_set/environment/path.dsv
[144.299s] -- Symlinking: /home/jjb/ros2_ws/install/examples_rclcpp_wait_set/share/examples_rclcpp_wait_set/local_setup.bash
[144.315s] -- Symlinking: /home/jjb/ros2_ws/install/examples_rclcpp_wait_set/share/examples_rclcpp_wait_set/local_setup.sh
[144.331s] -- Symlinking: /home/jjb/ros2_ws/install/examples_rclcpp_wait_set/share/examples_rclcpp_wait_set/local_setup.zsh
[144.348s] -- Symlinking: /home/jjb/ros2_ws/install/examples_rclcpp_wait_set/share/examples_rclcpp_wait_set/local_setup.dsv
[144.364s] -- Symlinking: /home/jjb/ros2_ws/install/examples_rclcpp_wait_set/share/examples_rclcpp_wait_set/package.dsv
[144.381s] -- Symlinking: /home/jjb/ros2_ws/install/examples_rclcpp_wait_set/share/ament_index/resource_index/packages/examples_rclcpp_wait_set
[144.398s] -- Symlinking: /home/jjb/ros2_ws/install/examples_rclcpp_wait_set/share/ament_index/resource_index/rclcpp_components/examples_rclcpp_wait_set
[144.414s] -- Symlinking: /home/jjb/ros2_ws/install/examples_rclcpp_wait_set/share/examples_rclcpp_wait_set/cmake/examples_rclcpp_wait_setConfig.cmake
[144.430s] -- Symlinking: /home/jjb/ros2_ws/install/examples_rclcpp_wait_set/share/examples_rclcpp_wait_set/cmake/examples_rclcpp_wait_setConfig-version.cmake
[144.446s] -- Symlinking: /home/jjb/ros2_ws/install/examples_rclcpp_wait_set/share/examples_rclcpp_wait_set/package.xml
[144.466s] Invoked command in '/home/jjb/ros2_ws/build/examples_rclcpp_wait_set' returned '0': CMAKE_PREFIX_PATH=${CMAKE_PREFIX_PATH}:/opt/ros/jazzy /usr/bin/cmake --install /home/jjb/ros2_ws/build/examples_rclcpp_wait_set
