[1.692s] Invoking command in '/home/jjb/ros2_ws/build/examples_rclpy_minimal_service': PYTHONPATH=/home/jjb/ros2_ws/build/examples_rclpy_minimal_service/prefix_override:/usr/lib/python3/dist-packages/colcon_core/task/python/colcon_distutils_commands:/home/jjb/ros2_ws/install/examples_rclpy_minimal_service/lib/python3.12/site-packages:${PYTHONPATH} /usr/bin/python3 -W ignore:setup.py install is deprecated -W ignore:easy_install command is deprecated setup.py develop --editable --build-directory /home/jjb/ros2_ws/build/examples_rclpy_minimal_service/build --no-deps symlink_data
[2.308s] running develop
[2.621s] running egg_info
[2.621s] creating examples_rclpy_minimal_service.egg-info
[2.654s] writing examples_rclpy_minimal_service.egg-info/PKG-INFO
[2.655s] writing dependency_links to examples_rclpy_minimal_service.egg-info/dependency_links.txt
[2.655s] writing entry points to examples_rclpy_minimal_service.egg-info/entry_points.txt
[2.656s] writing requirements to examples_rclpy_minimal_service.egg-info/requires.txt
[2.657s] writing top-level names to examples_rclpy_minimal_service.egg-info/top_level.txt
[2.659s] writing manifest file 'examples_rclpy_minimal_service.egg-info/SOURCES.txt'
[2.730s] reading manifest file 'examples_rclpy_minimal_service.egg-info/SOURCES.txt'
[2.730s] writing manifest file 'examples_rclpy_minimal_service.egg-info/SOURCES.txt'
[2.765s] running build_ext
[2.765s] Creating /home/jjb/ros2_ws/install/examples_rclpy_minimal_service/lib/python3.12/site-packages/examples-rclpy-minimal-service.egg-link (link to .)
[2.767s] Installing service script to /home/jjb/ros2_ws/install/examples_rclpy_minimal_service/lib/examples_rclpy_minimal_service
[2.767s] Installing service_member_function script to /home/jjb/ros2_ws/install/examples_rclpy_minimal_service/lib/examples_rclpy_minimal_service
[2.768s] 
[2.768s] Installed /home/jjb/ros2_ws/build/examples_rclpy_minimal_service
[2.770s] running symlink_data
[2.770s] creating /home/jjb/ros2_ws/install/examples_rclpy_minimal_service/share/ament_index
[2.771s] creating /home/jjb/ros2_ws/install/examples_rclpy_minimal_service/share/ament_index/resource_index
[2.771s] creating /home/jjb/ros2_ws/install/examples_rclpy_minimal_service/share/ament_index/resource_index/packages
[2.771s] symbolically linking /home/jjb/ros2_ws/build/examples_rclpy_minimal_service/resource/examples_rclpy_minimal_service -> /home/jjb/ros2_ws/install/examples_rclpy_minimal_service/share/ament_index/resource_index/packages
[2.771s] symbolically linking /home/jjb/ros2_ws/build/examples_rclpy_minimal_service/package.xml -> /home/jjb/ros2_ws/install/examples_rclpy_minimal_service/share/examples_rclpy_minimal_service
[2.906s] Invoked command in '/home/jjb/ros2_ws/build/examples_rclpy_minimal_service' returned '0': PYTHONPATH=/home/jjb/ros2_ws/build/examples_rclpy_minimal_service/prefix_override:/usr/lib/python3/dist-packages/colcon_core/task/python/colcon_distutils_commands:/home/jjb/ros2_ws/install/examples_rclpy_minimal_service/lib/python3.12/site-packages:${PYTHONPATH} /usr/bin/python3 -W ignore:setup.py install is deprecated -W ignore:easy_install command is deprecated setup.py develop --editable --build-directory /home/jjb/ros2_ws/build/examples_rclpy_minimal_service/build --no-deps symlink_data
