[0.016s] Invoking command in '/home/jjb/ros2_ws/build/lunabot_description': CMAKE_PREFIX_PATH=${CMAKE_PREFIX_PATH}:/home/jjb/ros2_ws/install/launch_testing_examples:/home/jjb/ros2_ws/install/examples_rclpy_pointcloud_publisher:/home/jjb/ros2_ws/install/examples_rclpy_minimal_subscriber:/home/jjb/ros2_ws/install/examples_rclpy_minimal_service:/home/jjb/ros2_ws/install/examples_rclpy_minimal_publisher:/home/jjb/ros2_ws/install/examples_rclpy_minimal_client:/home/jjb/ros2_ws/install/examples_rclpy_minimal_action_server:/home/jjb/ros2_ws/install/examples_rclpy_minimal_action_client:/home/jjb/ros2_ws/install/examples_rclpy_guard_conditions:/home/jjb/ros2_ws/install/examples_rclpy_executors:/opt/ros/jazzy /usr/bin/cmake /home/jjb/ros2_ws/src/lunabot_description -DCMAKE_INSTALL_PREFIX=/home/jjb/ros2_ws/install/lunabot_description
[0.163s] -- The C compiler identification is GNU 13.3.0
[0.279s] -- The CXX compiler identification is GNU 13.3.0
[0.323s] -- Detecting C compiler ABI info
[0.515s] -- Detecting C compiler ABI info - done
[0.531s] -- Check for working C compiler: /usr/bin/cc - skipped
[0.537s] -- Detecting C compile features
[0.539s] -- Detecting C compile features - done
[0.561s] -- Detecting CXX compiler ABI info
[0.754s] -- Detecting CXX compiler ABI info - done
[0.770s] -- Check for working CXX compiler: /usr/bin/c++ - skipped
[0.770s] -- Detecting CXX compile features
[0.771s] -- Detecting CXX compile features - done
[0.787s] -- Found ament_cmake: 2.5.5 (/opt/ros/jazzy/share/ament_cmake/cmake)
[1.085s] -- Found Python3: /usr/bin/python3 (found version "3.12.3") found components: Interpreter 
[1.512s] -- Configuring done (1.5s)
[1.516s] -- Generating done (0.0s)
[1.519s] -- Build files have been written to: /home/jjb/ros2_ws/build/lunabot_description
[1.528s] Invoked command in '/home/jjb/ros2_ws/build/lunabot_description' returned '0': CMAKE_PREFIX_PATH=${CMAKE_PREFIX_PATH}:/home/jjb/ros2_ws/install/launch_testing_examples:/home/jjb/ros2_ws/install/examples_rclpy_pointcloud_publisher:/home/jjb/ros2_ws/install/examples_rclpy_minimal_subscriber:/home/jjb/ros2_ws/install/examples_rclpy_minimal_service:/home/jjb/ros2_ws/install/examples_rclpy_minimal_publisher:/home/jjb/ros2_ws/install/examples_rclpy_minimal_client:/home/jjb/ros2_ws/install/examples_rclpy_minimal_action_server:/home/jjb/ros2_ws/install/examples_rclpy_minimal_action_client:/home/jjb/ros2_ws/install/examples_rclpy_guard_conditions:/home/jjb/ros2_ws/install/examples_rclpy_executors:/opt/ros/jazzy /usr/bin/cmake /home/jjb/ros2_ws/src/lunabot_description -DCMAKE_INSTALL_PREFIX=/home/jjb/ros2_ws/install/lunabot_description
[1.531s] Invoking command in '/home/jjb/ros2_ws/build/lunabot_description': CMAKE_PREFIX_PATH=${CMAKE_PREFIX_PATH}:/home/jjb/ros2_ws/install/launch_testing_examples:/home/jjb/ros2_ws/install/examples_rclpy_pointcloud_publisher:/home/jjb/ros2_ws/install/examples_rclpy_minimal_subscriber:/home/jjb/ros2_ws/install/examples_rclpy_minimal_service:/home/jjb/ros2_ws/install/examples_rclpy_minimal_publisher:/home/jjb/ros2_ws/install/examples_rclpy_minimal_client:/home/jjb/ros2_ws/install/examples_rclpy_minimal_action_server:/home/jjb/ros2_ws/install/examples_rclpy_minimal_action_client:/home/jjb/ros2_ws/install/examples_rclpy_guard_conditions:/home/jjb/ros2_ws/install/examples_rclpy_executors:/opt/ros/jazzy /usr/bin/cmake --build /home/jjb/ros2_ws/build/lunabot_description -- -j4 -l4
[1.609s] Invoked command in '/home/jjb/ros2_ws/build/lunabot_description' returned '0': CMAKE_PREFIX_PATH=${CMAKE_PREFIX_PATH}:/home/jjb/ros2_ws/install/launch_testing_examples:/home/jjb/ros2_ws/install/examples_rclpy_pointcloud_publisher:/home/jjb/ros2_ws/install/examples_rclpy_minimal_subscriber:/home/jjb/ros2_ws/install/examples_rclpy_minimal_service:/home/jjb/ros2_ws/install/examples_rclpy_minimal_publisher:/home/jjb/ros2_ws/install/examples_rclpy_minimal_client:/home/jjb/ros2_ws/install/examples_rclpy_minimal_action_server:/home/jjb/ros2_ws/install/examples_rclpy_minimal_action_client:/home/jjb/ros2_ws/install/examples_rclpy_guard_conditions:/home/jjb/ros2_ws/install/examples_rclpy_executors:/opt/ros/jazzy /usr/bin/cmake --build /home/jjb/ros2_ws/build/lunabot_description -- -j4 -l4
[1.630s] Invoking command in '/home/jjb/ros2_ws/build/lunabot_description': CMAKE_PREFIX_PATH=${CMAKE_PREFIX_PATH}:/home/jjb/ros2_ws/install/launch_testing_examples:/home/jjb/ros2_ws/install/examples_rclpy_pointcloud_publisher:/home/jjb/ros2_ws/install/examples_rclpy_minimal_subscriber:/home/jjb/ros2_ws/install/examples_rclpy_minimal_service:/home/jjb/ros2_ws/install/examples_rclpy_minimal_publisher:/home/jjb/ros2_ws/install/examples_rclpy_minimal_client:/home/jjb/ros2_ws/install/examples_rclpy_minimal_action_server:/home/jjb/ros2_ws/install/examples_rclpy_minimal_action_client:/home/jjb/ros2_ws/install/examples_rclpy_guard_conditions:/home/jjb/ros2_ws/install/examples_rclpy_executors:/opt/ros/jazzy /usr/bin/cmake --install /home/jjb/ros2_ws/build/lunabot_description
[1.648s] -- Install configuration: ""
[1.648s] [31mCMake Error at cmake_install.cmake:46 (file):
[1.648s]   file INSTALL cannot find "/home/jjb/ros2_ws/src/lunabot_description/urdf":
[1.648s]   No such file or directory.
[1.648s] 
[1.648s] [0m
[1.650s] Invoked command in '/home/jjb/ros2_ws/build/lunabot_description' returned '1': CMAKE_PREFIX_PATH=${CMAKE_PREFIX_PATH}:/home/jjb/ros2_ws/install/launch_testing_examples:/home/jjb/ros2_ws/install/examples_rclpy_pointcloud_publisher:/home/jjb/ros2_ws/install/examples_rclpy_minimal_subscriber:/home/jjb/ros2_ws/install/examples_rclpy_minimal_service:/home/jjb/ros2_ws/install/examples_rclpy_minimal_publisher:/home/jjb/ros2_ws/install/examples_rclpy_minimal_client:/home/jjb/ros2_ws/install/examples_rclpy_minimal_action_server:/home/jjb/ros2_ws/install/examples_rclpy_minimal_action_client:/home/jjb/ros2_ws/install/examples_rclpy_guard_conditions:/home/jjb/ros2_ws/install/examples_rclpy_executors:/opt/ros/jazzy /usr/bin/cmake --install /home/jjb/ros2_ws/build/lunabot_description
