[0.039s] Invoking command in '/home/jjb/ros2_ws/build/examples_rclcpp_minimal_action_server': CMAKE_PREFIX_PATH=${CMAKE_PREFIX_PATH}:/opt/ros/jazzy /usr/bin/cmake /home/jjb/ros2_ws/src/examples/rclcpp/actions/minimal_action_server -DAMENT_CMAKE_SYMLINK_INSTALL=1 -DCMAKE_INSTALL_PREFIX=/home/jjb/ros2_ws/install/examples_rclcpp_minimal_action_server
[0.068s] -- Found ament_cmake: 2.5.5 (/opt/ros/jazzy/share/ament_cmake/cmake)
[0.635s] -- Override CMake install command with custom implementation using symlinks instead of copying resources
[0.649s] -- Found example_interfaces: 0.12.0 (/opt/ros/jazzy/share/example_interfaces/cmake)
[0.701s] -- Found rosidl_generator_c: 4.6.7 (/opt/ros/jazzy/share/rosidl_generator_c/cmake)
[0.721s] -- Found rosidl_generator_cpp: 4.6.7 (/opt/ros/jazzy/share/rosidl_generator_cpp/cmake)
[0.746s] -- Using all available rosidl_typesupport_c: rosidl_typesupport_fastrtps_c;rosidl_typesupport_introspection_c
[0.772s] -- Using all available rosidl_typesupport_cpp: rosidl_typesupport_fastrtps_cpp;rosidl_typesupport_introspection_cpp
[0.955s] -- Found rclcpp: 28.1.16 (/opt/ros/jazzy/share/rclcpp/cmake)
[1.020s] -- Found rmw_implementation_cmake: 7.3.3 (/opt/ros/jazzy/share/rmw_implementation_cmake/cmake)
[1.026s] -- Found rmw_fastrtps_cpp: 8.4.3 (/opt/ros/jazzy/share/rmw_fastrtps_cpp/cmake)
[1.206s] -- Found OpenSSL: /usr/lib/aarch64-linux-gnu/libcrypto.so (found version "3.0.13")  
[1.254s] -- Found FastRTPS: /opt/ros/jazzy/include (Required is at least version "2.13") 
[1.346s] -- Using RMW implementation 'rmw_fastrtps_cpp' as default
[1.453s] -- Found rclcpp_action: 28.1.16 (/opt/ros/jazzy/share/rclcpp_action/cmake)
[1.522s] -- Found ament_lint_auto: 0.17.4 (/opt/ros/jazzy/share/ament_lint_auto/cmake)
[1.961s] -- Added test 'copyright' to check source files copyright and LICENSE
[1.963s] -- Added test 'cppcheck' to perform static code analysis on C / C++ code
[1.967s] -- Configured cppcheck include dirs: 
[1.968s] -- Configured cppcheck exclude dirs and/or files: 
[1.968s] -- Added test 'cpplint' to check C / C++ code against the Google style
[1.973s] -- Configured cpplint exclude dirs and/or files: 
[1.973s] -- Added test 'lint_cmake' to check CMake code style
[1.977s] -- Added test 'uncrustify' to check C / C++ code style
[1.979s] -- Configured uncrustify additional arguments: 
[1.979s] -- Added test 'xmllint' to check XML markup files
[1.990s] -- Configuring done (1.9s)
[2.078s] -- Generating done (0.1s)
[2.106s] -- Build files have been written to: /home/jjb/ros2_ws/build/examples_rclcpp_minimal_action_server
[2.163s] Invoked command in '/home/jjb/ros2_ws/build/examples_rclcpp_minimal_action_server' returned '0': CMAKE_PREFIX_PATH=${CMAKE_PREFIX_PATH}:/opt/ros/jazzy /usr/bin/cmake /home/jjb/ros2_ws/src/examples/rclcpp/actions/minimal_action_server -DAMENT_CMAKE_SYMLINK_INSTALL=1 -DCMAKE_INSTALL_PREFIX=/home/jjb/ros2_ws/install/examples_rclcpp_minimal_action_server
[2.164s] Invoking command in '/home/jjb/ros2_ws/build/examples_rclcpp_minimal_action_server': CMAKE_PREFIX_PATH=${CMAKE_PREFIX_PATH}:/opt/ros/jazzy /usr/bin/cmake --build /home/jjb/ros2_ws/build/examples_rclcpp_minimal_action_server -- -j4 -l4
[2.373s] [ 25%] [32mBuilding CXX object CMakeFiles/action_server_not_composable.dir/not_composable.cpp.o[0m
[2.421s] [ 50%] [32mBuilding CXX object CMakeFiles/action_server_member_functions.dir/member_functions.cpp.o[0m
[28.689s] [ 75%] [32m[1mLinking CXX executable action_server_not_composable[0m
[28.866s] [100%] [32m[1mLinking CXX executable action_server_member_functions[0m
[31.411s] [100%] Built target action_server_not_composable
[31.443s] [100%] Built target action_server_member_functions
[31.514s] Invoked command in '/home/jjb/ros2_ws/build/examples_rclcpp_minimal_action_server' returned '0': CMAKE_PREFIX_PATH=${CMAKE_PREFIX_PATH}:/opt/ros/jazzy /usr/bin/cmake --build /home/jjb/ros2_ws/build/examples_rclcpp_minimal_action_server -- -j4 -l4
[31.566s] Invoking command in '/home/jjb/ros2_ws/build/examples_rclcpp_minimal_action_server': CMAKE_PREFIX_PATH=${CMAKE_PREFIX_PATH}:/opt/ros/jazzy /usr/bin/cmake --install /home/jjb/ros2_ws/build/examples_rclcpp_minimal_action_server
[31.609s] -- Install configuration: ""
[31.609s] -- Execute custom install script
[31.615s] -- Symlinking: /home/jjb/ros2_ws/install/examples_rclcpp_minimal_action_server/lib/examples_rclcpp_minimal_action_server/action_server_not_composable
[31.667s] -- Symlinking: /home/jjb/ros2_ws/install/examples_rclcpp_minimal_action_server/lib/examples_rclcpp_minimal_action_server/action_server_member_functions
[31.714s] -- Symlinking: /home/jjb/ros2_ws/install/examples_rclcpp_minimal_action_server/share/ament_index/resource_index/package_run_dependencies/examples_rclcpp_minimal_action_server
[31.765s] -- Symlinking: /home/jjb/ros2_ws/install/examples_rclcpp_minimal_action_server/share/ament_index/resource_index/parent_prefix_path/examples_rclcpp_minimal_action_server
[31.808s] -- Symlinking: /home/jjb/ros2_ws/install/examples_rclcpp_minimal_action_server/share/examples_rclcpp_minimal_action_server/environment/ament_prefix_path.sh
[31.861s] -- Symlinking: /home/jjb/ros2_ws/install/examples_rclcpp_minimal_action_server/share/examples_rclcpp_minimal_action_server/environment/ament_prefix_path.dsv
[31.907s] -- Symlinking: /home/jjb/ros2_ws/install/examples_rclcpp_minimal_action_server/share/examples_rclcpp_minimal_action_server/environment/path.sh
[31.956s] -- Symlinking: /home/jjb/ros2_ws/install/examples_rclcpp_minimal_action_server/share/examples_rclcpp_minimal_action_server/environment/path.dsv
[31.999s] -- Symlinking: /home/jjb/ros2_ws/install/examples_rclcpp_minimal_action_server/share/examples_rclcpp_minimal_action_server/local_setup.bash
[32.023s] -- Symlinking: /home/jjb/ros2_ws/install/examples_rclcpp_minimal_action_server/share/examples_rclcpp_minimal_action_server/local_setup.sh
[32.072s] -- Symlinking: /home/jjb/ros2_ws/install/examples_rclcpp_minimal_action_server/share/examples_rclcpp_minimal_action_server/local_setup.zsh
[32.117s] -- Symlinking: /home/jjb/ros2_ws/install/examples_rclcpp_minimal_action_server/share/examples_rclcpp_minimal_action_server/local_setup.dsv
[32.187s] -- Symlinking: /home/jjb/ros2_ws/install/examples_rclcpp_minimal_action_server/share/examples_rclcpp_minimal_action_server/package.dsv
[32.228s] -- Symlinking: /home/jjb/ros2_ws/install/examples_rclcpp_minimal_action_server/share/ament_index/resource_index/packages/examples_rclcpp_minimal_action_server
[32.274s] -- Symlinking: /home/jjb/ros2_ws/install/examples_rclcpp_minimal_action_server/share/examples_rclcpp_minimal_action_server/cmake/examples_rclcpp_minimal_action_serverConfig.cmake
[32.316s] -- Symlinking: /home/jjb/ros2_ws/install/examples_rclcpp_minimal_action_server/share/examples_rclcpp_minimal_action_server/cmake/examples_rclcpp_minimal_action_serverConfig-version.cmake
[32.357s] -- Symlinking: /home/jjb/ros2_ws/install/examples_rclcpp_minimal_action_server/share/examples_rclcpp_minimal_action_server/package.xml
[32.417s] Invoked command in '/home/jjb/ros2_ws/build/examples_rclcpp_minimal_action_server' returned '0': CMAKE_PREFIX_PATH=${CMAKE_PREFIX_PATH}:/opt/ros/jazzy /usr/bin/cmake --install /home/jjb/ros2_ws/build/examples_rclcpp_minimal_action_server
